2023-05-15 14:05:431 INFO  HomePage :35 - Click on computer menu[[ChromeDriver: chrome on WINDOWS (406b92d611019c6c9d9135218f39935b)] -> xpath: //ul[1]/li/a[text()='Computers ']]
2023-05-15 14:05:383 INFO  ComputersPage :18 - Click on desktops[[ChromeDriver: chrome on WINDOWS (406b92d611019c6c9d9135218f39935b)] -> xpath: //img[@alt='Picture for category Desktops']]
2023-05-15 14:05:774 INFO  DesktopsPage :32 - Select sort A to Z[[ChromeDriver: chrome on WINDOWS (406b92d611019c6c9d9135218f39935b)] -> name: products-orderby]
2023-05-15 14:05:162 INFO  HomePage :45 - Hover on electronic[[ChromeDriver: chrome on WINDOWS (09797c95d75dda2517bf8c1a59e14b24)] -> xpath: //a[text()='Electronics ']]
2023-05-15 14:05:357 INFO  HomePage :50 - Click on cell phones[[ChromeDriver: chrome on WINDOWS (09797c95d75dda2517bf8c1a59e14b24)] -> xpath: //ul[1]/li[2]/ul[1]/li[2]/a[1]]
2023-05-15 14:05:308 INFO  CellPhonesPage :50 - Get cell phone text[[ChromeDriver: chrome on WINDOWS (09797c95d75dda2517bf8c1a59e14b24)] -> xpath: //h1[text()='Cell phones']]
2023-05-15 14:05:170 INFO  TopMenuPage :42 - Verify Computer text[[ChromeDriver: chrome on WINDOWS (62bb553111adf766143a69b1ab98d549)] -> xpath: //a[@href='/computers']]
2023-05-15 14:05:149 INFO  HomePage :35 - Click on computer menu[[ChromeDriver: chrome on WINDOWS (9e1c07f3538b372101c688b39b5ef967)] -> xpath: //ul[1]/li/a[text()='Computers ']]
2023-05-15 14:05:35 INFO  ComputersPage :18 - Click on desktops[[ChromeDriver: chrome on WINDOWS (9e1c07f3538b372101c688b39b5ef967)] -> xpath: //img[@alt='Picture for category Desktops']]
2023-05-15 14:05:420 INFO  DesktopsPage :32 - Select sort A to Z[[ChromeDriver: chrome on WINDOWS (9e1c07f3538b372101c688b39b5ef967)] -> name: products-orderby]
2023-05-15 14:05:450 INFO  HomePage :45 - Hover on electronic[[ChromeDriver: chrome on WINDOWS (b8e601c4fabc943688f045d212da0584)] -> xpath: //a[text()='Electronics ']]
2023-05-15 14:05:659 INFO  HomePage :50 - Click on cell phones[[ChromeDriver: chrome on WINDOWS (b8e601c4fabc943688f045d212da0584)] -> xpath: //ul[1]/li[2]/ul[1]/li[2]/a[1]]
2023-05-15 14:05:622 INFO  CellPhonesPage :50 - Get cell phone text[[ChromeDriver: chrome on WINDOWS (b8e601c4fabc943688f045d212da0584)] -> xpath: //h1[text()='Cell phones']]
2023-05-15 14:05:256 INFO  HomePage :45 - Hover on electronic[[ChromeDriver: chrome on WINDOWS (24f7d37be41a52607c4abf17c19ac4be)] -> xpath: //a[text()='Electronics ']]
2023-05-15 14:05:433 INFO  HomePage :50 - Click on cell phones[[ChromeDriver: chrome on WINDOWS (24f7d37be41a52607c4abf17c19ac4be)] -> xpath: //ul[1]/li[2]/ul[1]/li[2]/a[1]]
2023-05-15 14:05:367 INFO  CellPhonesPage :50 - Get cell phone text[[ChromeDriver: chrome on WINDOWS (24f7d37be41a52607c4abf17c19ac4be)] -> xpath: //h1[text()='Cell phones']]
2023-05-15 14:05:409 INFO  CellPhonesPage :55 - Click on list view tab[[ChromeDriver: chrome on WINDOWS (24f7d37be41a52607c4abf17c19ac4be)] -> xpath: //a[contains(text(),'List')]]
2023-05-15 14:05:509 INFO  CellPhonesPage :60 - Click on nokia lumia product[[ChromeDriver: chrome on WINDOWS (24f7d37be41a52607c4abf17c19ac4be)] -> xpath: //div[3]/div[1]/div[2]/h2[1]/a]
2023-05-15 14:05:311 INFO  CellPhonesPage :65 - Verify nokia lumia text[[ChromeDriver: chrome on WINDOWS (24f7d37be41a52607c4abf17c19ac4be)] -> xpath: //h1[text()='Nokia Lumia 1020']]
2023-05-15 14:05:349 INFO  CellPhonesPage :70 - Verify price[[ChromeDriver: chrome on WINDOWS (24f7d37be41a52607c4abf17c19ac4be)] -> id: price-value-20]
2023-05-15 14:05:394 INFO  CellPhonesPage :75 - Change quantity[[ChromeDriver: chrome on WINDOWS (24f7d37be41a52607c4abf17c19ac4be)] -> name: addtocart_20.EnteredQuantity]
2023-05-15 14:05:537 INFO  CellPhonesPage :81 - Click on add to cart[[ChromeDriver: chrome on WINDOWS (24f7d37be41a52607c4abf17c19ac4be)] -> id: add-to-cart-button-20]
2023-05-15 14:05:814 INFO  CellPhonesPage :86 - Verify product added in shopping cart text[[ChromeDriver: chrome on WINDOWS (24f7d37be41a52607c4abf17c19ac4be)] -> xpath: //body/div[@id='bar-notification']/div[1]/p[1]]
2023-05-15 14:05:856 INFO  CellPhonesPage :91 - Click on close button[[ChromeDriver: chrome on WINDOWS (24f7d37be41a52607c4abf17c19ac4be)] -> xpath: //span[@title='Close']]
2023-05-15 14:05:930 INFO  CellPhonesPage :96 - Mouse hover on shopping cart[[ChromeDriver: chrome on WINDOWS (24f7d37be41a52607c4abf17c19ac4be)] -> xpath: //span[text()='Shopping cart']]
2023-05-15 14:05:946 INFO  CellPhonesPage :97 - Click on go to cart[[ChromeDriver: chrome on WINDOWS (24f7d37be41a52607c4abf17c19ac4be)] -> xpath: //button[text()='Go to cart']]
2023-05-15 14:05:505 INFO  CartPage :114 - Verify shopping cart text[[ChromeDriver: chrome on WINDOWS (24f7d37be41a52607c4abf17c19ac4be)] -> xpath: //h1[text()='Shopping cart']]
2023-05-15 14:05:538 INFO  CartPage :119 - Verify quantity[[ChromeDriver: chrome on WINDOWS (24f7d37be41a52607c4abf17c19ac4be)] -> xpath: //span[contains(text(),'(2)')]]
2023-05-15 14:05:609 INFO  CartPage :124 - Verify total[[ChromeDriver: chrome on WINDOWS (24f7d37be41a52607c4abf17c19ac4be)] -> xpath: //tbody/tr[1]/td[6]/span[1]]
2023-05-15 14:05:639 INFO  CartPage :94 - Click on check box[[ChromeDriver: chrome on WINDOWS (24f7d37be41a52607c4abf17c19ac4be)] -> xpath: //input[@id='termsofservice']]
2023-05-15 14:05:734 INFO  CartPage :99 - Click on checkout button[[ChromeDriver: chrome on WINDOWS (24f7d37be41a52607c4abf17c19ac4be)] -> xpath: //button[@id='checkout']]
2023-05-15 14:05:268 INFO  CartPage :139 - Verify welcome message[[ChromeDriver: chrome on WINDOWS (24f7d37be41a52607c4abf17c19ac4be)] -> xpath: //h1[text()='Welcome, Please Sign In!']]
2023-05-15 14:05:302 INFO  CartPage :144 - Click on register tab[[ChromeDriver: chrome on WINDOWS (24f7d37be41a52607c4abf17c19ac4be)] -> xpath: //button[text()='Register']]
2023-05-15 14:05:641 INFO  RegisterPage :57 - Verify register text[[ChromeDriver: chrome on WINDOWS (24f7d37be41a52607c4abf17c19ac4be)] -> xpath: //h1[text()='Register']]
2023-05-15 14:05:692 INFO  RegisterPage :62 - Click on gender[[ChromeDriver: chrome on WINDOWS (24f7d37be41a52607c4abf17c19ac4be)] -> id: gender-male]
2023-05-15 14:05:765 INFO  RegisterPage :64 - Enter first name[[ChromeDriver: chrome on WINDOWS (24f7d37be41a52607c4abf17c19ac4be)] -> id: FirstName]
2023-05-15 14:05:835 INFO  RegisterPage :66 - Enter last name[[ChromeDriver: chrome on WINDOWS (24f7d37be41a52607c4abf17c19ac4be)] -> id: LastName]
2023-05-15 14:05:900 INFO  RegisterPage :68 - Select day[[ChromeDriver: chrome on WINDOWS (24f7d37be41a52607c4abf17c19ac4be)] -> name: DateOfBirthDay]
2023-05-15 14:05:32 INFO  RegisterPage :70 - Select month[[ChromeDriver: chrome on WINDOWS (24f7d37be41a52607c4abf17c19ac4be)] -> name: DateOfBirthMonth]
2023-05-15 14:05:179 INFO  RegisterPage :72 - Select year[[ChromeDriver: chrome on WINDOWS (24f7d37be41a52607c4abf17c19ac4be)] -> name: DateOfBirthYear]
2023-05-15 14:05:310 INFO  RegisterPage :74 - Enter email[[ChromeDriver: chrome on WINDOWS (24f7d37be41a52607c4abf17c19ac4be)] -> id: Email]
2023-05-15 14:05:403 INFO  RegisterPage :76 - Enter password[[ChromeDriver: chrome on WINDOWS (24f7d37be41a52607c4abf17c19ac4be)] -> id: Password]
2023-05-15 14:05:452 INFO  RegisterPage :78 - Enter confirm password[[ChromeDriver: chrome on WINDOWS (24f7d37be41a52607c4abf17c19ac4be)] -> id: ConfirmPassword]
2023-05-15 14:05:520 INFO  RegisterPage :83 - Click on registration button[[ChromeDriver: chrome on WINDOWS (24f7d37be41a52607c4abf17c19ac4be)] -> id: register-button]
2023-05-15 14:05:121 INFO  RegisterPage :88 - Verify registration text[[ChromeDriver: chrome on WINDOWS (24f7d37be41a52607c4abf17c19ac4be)] -> xpath: //div[text()='Your registration completed']]
2023-05-15 14:05:163 INFO  RegisterPage :92 - Click on continue tab[[ChromeDriver: chrome on WINDOWS (24f7d37be41a52607c4abf17c19ac4be)] -> xpath: //a[text()='Continue']]
2023-05-15 14:05:306 INFO  TopMenuPage :42 - Verify Computer text[[ChromeDriver: chrome on WINDOWS (e10035adcef5c505386ee9673a045fe8)] -> xpath: //a[@href='/computers']]
2023-05-15 14:05:906 INFO  TopMenuPage :47 - Verify electronics text[[ChromeDriver: chrome on WINDOWS (9486e4631e983ef7f400c08946c29bc0)] -> xpath: //a[@href='/electronics']]
2023-05-15 14:05:187 INFO  TopMenuPage :52 - Verify apparel text[[ChromeDriver: chrome on WINDOWS (f56946988439ca26f78a5a46303d5b76)] -> xpath: //a[@href='/apparel']]
2023-05-15 15:05:981 INFO  HomePage :35 - Click on computer menu[[ChromeDriver: chrome on WINDOWS (44644a89ac81f5b8cd9e0def150a0091)] -> xpath: //ul[1]/li/a[text()='Computers ']]
2023-05-15 15:05:954 INFO  ComputersPage :18 - Click on desktops[[ChromeDriver: chrome on WINDOWS (44644a89ac81f5b8cd9e0def150a0091)] -> xpath: //img[@alt='Picture for category Desktops']]
2023-05-15 15:05:422 INFO  DesktopsPage :32 - Select sort A to Z[[ChromeDriver: chrome on WINDOWS (44644a89ac81f5b8cd9e0def150a0091)] -> name: products-orderby]
2023-05-15 15:05:941 INFO  HomePage :45 - Hover on electronic[[ChromeDriver: chrome on WINDOWS (68af06e895491157eedc2b2fb68bca6c)] -> xpath: //a[text()='Electronics ']]
2023-05-15 15:05:137 INFO  HomePage :50 - Click on cell phones[[ChromeDriver: chrome on WINDOWS (68af06e895491157eedc2b2fb68bca6c)] -> xpath: //ul[1]/li[2]/ul[1]/li[2]/a[1]]
2023-05-15 15:05:74 INFO  CellPhonesPage :50 - Get cell phone text[[ChromeDriver: chrome on WINDOWS (68af06e895491157eedc2b2fb68bca6c)] -> xpath: //h1[text()='Cell phones']]
2023-05-15 15:05:812 INFO  HomePage :45 - Hover on electronic[[ChromeDriver: chrome on WINDOWS (1009892d3beaad5d76930db30ebd54e2)] -> xpath: //a[text()='Electronics ']]
2023-05-15 15:05:981 INFO  HomePage :50 - Click on cell phones[[ChromeDriver: chrome on WINDOWS (1009892d3beaad5d76930db30ebd54e2)] -> xpath: //ul[1]/li[2]/ul[1]/li[2]/a[1]]
2023-05-15 15:05:870 INFO  CellPhonesPage :50 - Get cell phone text[[ChromeDriver: chrome on WINDOWS (1009892d3beaad5d76930db30ebd54e2)] -> xpath: //h1[text()='Cell phones']]
2023-05-15 15:05:914 INFO  CellPhonesPage :55 - Click on list view tab[[ChromeDriver: chrome on WINDOWS (1009892d3beaad5d76930db30ebd54e2)] -> xpath: //a[contains(text(),'List')]]
2023-05-15 15:05:21 INFO  CellPhonesPage :60 - Click on nokia lumia product[[ChromeDriver: chrome on WINDOWS (1009892d3beaad5d76930db30ebd54e2)] -> xpath: //div[3]/div[1]/div[2]/h2[1]/a]
2023-05-15 15:05:950 INFO  CellPhonesPage :65 - Verify nokia lumia text[[ChromeDriver: chrome on WINDOWS (1009892d3beaad5d76930db30ebd54e2)] -> xpath: //h1[text()='Nokia Lumia 1020']]
2023-05-15 15:05:992 INFO  CellPhonesPage :70 - Verify price[[ChromeDriver: chrome on WINDOWS (1009892d3beaad5d76930db30ebd54e2)] -> id: price-value-20]
2023-05-15 15:05:32 INFO  CellPhonesPage :75 - Change quantity[[ChromeDriver: chrome on WINDOWS (1009892d3beaad5d76930db30ebd54e2)] -> name: addtocart_20.EnteredQuantity]
2023-05-15 15:05:172 INFO  CellPhonesPage :81 - Click on add to cart[[ChromeDriver: chrome on WINDOWS (1009892d3beaad5d76930db30ebd54e2)] -> id: add-to-cart-button-20]
2023-05-15 15:05:453 INFO  CellPhonesPage :86 - Verify product added in shopping cart text[[ChromeDriver: chrome on WINDOWS (1009892d3beaad5d76930db30ebd54e2)] -> xpath: //body/div[@id='bar-notification']/div[1]/p[1]]
2023-05-15 15:05:493 INFO  CellPhonesPage :91 - Click on close button[[ChromeDriver: chrome on WINDOWS (1009892d3beaad5d76930db30ebd54e2)] -> xpath: //span[@title='Close']]
2023-05-15 15:05:564 INFO  CellPhonesPage :96 - Mouse hover on shopping cart[[ChromeDriver: chrome on WINDOWS (1009892d3beaad5d76930db30ebd54e2)] -> xpath: //span[text()='Shopping cart']]
2023-05-15 15:05:580 INFO  CellPhonesPage :97 - Click on go to cart[[ChromeDriver: chrome on WINDOWS (1009892d3beaad5d76930db30ebd54e2)] -> xpath: //button[text()='Go to cart']]
2023-05-15 15:05:115 INFO  CartPage :114 - Verify shopping cart text[[ChromeDriver: chrome on WINDOWS (1009892d3beaad5d76930db30ebd54e2)] -> xpath: //h1[text()='Shopping cart']]
2023-05-15 15:05:162 INFO  CartPage :119 - Verify quantity[[ChromeDriver: chrome on WINDOWS (1009892d3beaad5d76930db30ebd54e2)] -> xpath: //span[contains(text(),'(2)')]]
2023-05-15 15:05:209 INFO  CartPage :124 - Verify total[[ChromeDriver: chrome on WINDOWS (1009892d3beaad5d76930db30ebd54e2)] -> xpath: //tbody/tr[1]/td[6]/span[1]]
2023-05-15 15:05:248 INFO  CartPage :94 - Click on check box[[ChromeDriver: chrome on WINDOWS (1009892d3beaad5d76930db30ebd54e2)] -> xpath: //input[@id='termsofservice']]
2023-05-15 15:05:331 INFO  CartPage :99 - Click on checkout button[[ChromeDriver: chrome on WINDOWS (1009892d3beaad5d76930db30ebd54e2)] -> xpath: //button[@id='checkout']]
2023-05-15 15:05:887 INFO  CartPage :139 - Verify welcome message[[ChromeDriver: chrome on WINDOWS (1009892d3beaad5d76930db30ebd54e2)] -> xpath: //h1[text()='Welcome, Please Sign In!']]
2023-05-15 15:05:927 INFO  CartPage :144 - Click on register tab[[ChromeDriver: chrome on WINDOWS (1009892d3beaad5d76930db30ebd54e2)] -> xpath: //button[text()='Register']]
2023-05-15 15:05:291 INFO  RegisterPage :57 - Verify register text[[ChromeDriver: chrome on WINDOWS (1009892d3beaad5d76930db30ebd54e2)] -> xpath: //h1[text()='Register']]
2023-05-15 15:05:334 INFO  RegisterPage :62 - Click on gender[[ChromeDriver: chrome on WINDOWS (1009892d3beaad5d76930db30ebd54e2)] -> id: gender-male]
2023-05-15 15:05:404 INFO  RegisterPage :64 - Enter first name[[ChromeDriver: chrome on WINDOWS (1009892d3beaad5d76930db30ebd54e2)] -> id: FirstName]
2023-05-15 15:05:463 INFO  RegisterPage :66 - Enter last name[[ChromeDriver: chrome on WINDOWS (1009892d3beaad5d76930db30ebd54e2)] -> id: LastName]
2023-05-15 15:05:528 INFO  RegisterPage :68 - Select day[[ChromeDriver: chrome on WINDOWS (1009892d3beaad5d76930db30ebd54e2)] -> name: DateOfBirthDay]
2023-05-15 15:05:657 INFO  RegisterPage :70 - Select month[[ChromeDriver: chrome on WINDOWS (1009892d3beaad5d76930db30ebd54e2)] -> name: DateOfBirthMonth]
2023-05-15 15:05:800 INFO  RegisterPage :72 - Select year[[ChromeDriver: chrome on WINDOWS (1009892d3beaad5d76930db30ebd54e2)] -> name: DateOfBirthYear]
2023-05-15 15:05:936 INFO  RegisterPage :74 - Enter email[[ChromeDriver: chrome on WINDOWS (1009892d3beaad5d76930db30ebd54e2)] -> id: Email]
2023-05-15 15:05:24 INFO  RegisterPage :76 - Enter password[[ChromeDriver: chrome on WINDOWS (1009892d3beaad5d76930db30ebd54e2)] -> id: Password]
2023-05-15 15:05:75 INFO  RegisterPage :78 - Enter confirm password[[ChromeDriver: chrome on WINDOWS (1009892d3beaad5d76930db30ebd54e2)] -> id: ConfirmPassword]
2023-05-15 15:05:158 INFO  RegisterPage :83 - Click on registration button[[ChromeDriver: chrome on WINDOWS (1009892d3beaad5d76930db30ebd54e2)] -> id: register-button]
2023-05-15 15:05:797 INFO  RegisterPage :88 - Verify registration text[[ChromeDriver: chrome on WINDOWS (1009892d3beaad5d76930db30ebd54e2)] -> xpath: //div[text()='Your registration completed']]
2023-05-15 15:05:839 INFO  RegisterPage :92 - Click on continue tab[[ChromeDriver: chrome on WINDOWS (1009892d3beaad5d76930db30ebd54e2)] -> xpath: //a[text()='Continue']]
2023-05-15 15:05:09 INFO  TopMenuPage :42 - Verify Computer text[[ChromeDriver: chrome on WINDOWS (4e5f1c362d7565b41a21c56cf1637086)] -> xpath: //a[@href='/computers']]
2023-05-15 15:05:637 INFO  TopMenuPage :47 - Verify electronics text[[ChromeDriver: chrome on WINDOWS (919a5da35fc8d5ac058b298aecd0c65d)] -> xpath: //a[@href='/electronics']]
2023-05-15 15:05:839 INFO  TopMenuPage :52 - Verify apparel text[[ChromeDriver: chrome on WINDOWS (eedfad36883084c0e98f743f1694666e)] -> xpath: //a[@href='/apparel']]
2023-05-15 20:05:449 INFO  HomePage :35 - Click on computer menu[[ChromeDriver: chrome on WINDOWS (26f5e880cb8cc2ce30c4a5a104d8ba01)] -> xpath: //ul[1]/li/a[text()='Computers ']]
2023-05-15 20:05:562 INFO  ComputersPage :18 - Click on desktops[[ChromeDriver: chrome on WINDOWS (26f5e880cb8cc2ce30c4a5a104d8ba01)] -> xpath: //img[@alt='Picture for category Desktops']]
2023-05-15 20:05:07 INFO  DesktopsPage :32 - Select sort A to Z[[ChromeDriver: chrome on WINDOWS (26f5e880cb8cc2ce30c4a5a104d8ba01)] -> name: products-orderby]
2023-05-15 20:05:651 INFO  HomePage :45 - Hover on electronic[[ChromeDriver: chrome on WINDOWS (0dfb842656866d8ca6b33d7081a93656)] -> xpath: //a[text()='Electronics ']]
2023-05-15 20:05:852 INFO  HomePage :50 - Click on cell phones[[ChromeDriver: chrome on WINDOWS (0dfb842656866d8ca6b33d7081a93656)] -> xpath: //ul[1]/li[2]/ul[1]/li[2]/a[1]]
2023-05-15 20:05:69 INFO  CellPhonesPage :50 - Get cell phone text[[ChromeDriver: chrome on WINDOWS (0dfb842656866d8ca6b33d7081a93656)] -> xpath: //h1[text()='Cell phones']]
2023-05-15 20:05:431 INFO  HomePage :45 - Hover on electronic[[ChromeDriver: chrome on WINDOWS (5e7dd6efa936c1addbdcee572ec09fe0)] -> xpath: //a[text()='Electronics ']]
2023-05-15 20:05:648 INFO  HomePage :50 - Click on cell phones[[ChromeDriver: chrome on WINDOWS (5e7dd6efa936c1addbdcee572ec09fe0)] -> xpath: //ul[1]/li[2]/ul[1]/li[2]/a[1]]
2023-05-15 20:05:702 INFO  CellPhonesPage :50 - Get cell phone text[[ChromeDriver: chrome on WINDOWS (5e7dd6efa936c1addbdcee572ec09fe0)] -> xpath: //h1[text()='Cell phones']]
2023-05-15 20:05:759 INFO  CellPhonesPage :55 - Click on list view tab[[ChromeDriver: chrome on WINDOWS (5e7dd6efa936c1addbdcee572ec09fe0)] -> xpath: //a[contains(text(),'List')]]
2023-05-15 20:05:887 INFO  CellPhonesPage :60 - Click on nokia lumia product[[ChromeDriver: chrome on WINDOWS (5e7dd6efa936c1addbdcee572ec09fe0)] -> xpath: //div[3]/div[1]/div[2]/h2[1]/a]
2023-05-15 20:05:947 INFO  CellPhonesPage :65 - Verify nokia lumia text[[ChromeDriver: chrome on WINDOWS (5e7dd6efa936c1addbdcee572ec09fe0)] -> xpath: //h1[text()='Nokia Lumia 1020']]
2023-05-15 20:05:05 INFO  CellPhonesPage :70 - Verify price[[ChromeDriver: chrome on WINDOWS (5e7dd6efa936c1addbdcee572ec09fe0)] -> id: price-value-20]
2023-05-15 20:05:61 INFO  CellPhonesPage :75 - Change quantity[[ChromeDriver: chrome on WINDOWS (5e7dd6efa936c1addbdcee572ec09fe0)] -> name: addtocart_20.EnteredQuantity]
2023-05-15 20:05:303 INFO  CellPhonesPage :81 - Click on add to cart[[ChromeDriver: chrome on WINDOWS (5e7dd6efa936c1addbdcee572ec09fe0)] -> id: add-to-cart-button-20]
2023-05-15 20:05:628 INFO  CellPhonesPage :86 - Verify product added in shopping cart text[[ChromeDriver: chrome on WINDOWS (5e7dd6efa936c1addbdcee572ec09fe0)] -> xpath: //body/div[@id='bar-notification']/div[1]/p[1]]
2023-05-15 20:05:689 INFO  CellPhonesPage :91 - Click on close button[[ChromeDriver: chrome on WINDOWS (5e7dd6efa936c1addbdcee572ec09fe0)] -> xpath: //span[@title='Close']]
2023-05-15 20:05:950 INFO  CellPhonesPage :96 - Mouse hover on shopping cart[[ChromeDriver: chrome on WINDOWS (5e7dd6efa936c1addbdcee572ec09fe0)] -> xpath: //span[text()='Shopping cart']]
2023-05-15 20:05:32 INFO  CellPhonesPage :97 - Click on go to cart[[ChromeDriver: chrome on WINDOWS (5e7dd6efa936c1addbdcee572ec09fe0)] -> xpath: //button[text()='Go to cart']]
2023-05-15 20:05:305 INFO  CartPage :114 - Verify shopping cart text[[ChromeDriver: chrome on WINDOWS (5e7dd6efa936c1addbdcee572ec09fe0)] -> xpath: //h1[text()='Shopping cart']]
2023-05-15 20:05:339 INFO  CartPage :119 - Verify quantity[[ChromeDriver: chrome on WINDOWS (5e7dd6efa936c1addbdcee572ec09fe0)] -> xpath: //span[contains(text(),'(2)')]]
2023-05-15 20:05:382 INFO  CartPage :124 - Verify total[[ChromeDriver: chrome on WINDOWS (5e7dd6efa936c1addbdcee572ec09fe0)] -> xpath: //tbody/tr[1]/td[6]/span[1]]
2023-05-15 20:05:426 INFO  CartPage :94 - Click on check box[[ChromeDriver: chrome on WINDOWS (5e7dd6efa936c1addbdcee572ec09fe0)] -> xpath: //input[@id='termsofservice']]
2023-05-15 20:05:514 INFO  CartPage :99 - Click on checkout button[[ChromeDriver: chrome on WINDOWS (5e7dd6efa936c1addbdcee572ec09fe0)] -> xpath: //button[@id='checkout']]
2023-05-15 20:05:112 INFO  CartPage :139 - Verify welcome message[[ChromeDriver: chrome on WINDOWS (5e7dd6efa936c1addbdcee572ec09fe0)] -> xpath: //h1[text()='Welcome, Please Sign In!']]
2023-05-15 20:05:148 INFO  CartPage :144 - Click on register tab[[ChromeDriver: chrome on WINDOWS (5e7dd6efa936c1addbdcee572ec09fe0)] -> xpath: //button[text()='Register']]
2023-05-15 20:05:542 INFO  RegisterPage :57 - Verify register text[[ChromeDriver: chrome on WINDOWS (5e7dd6efa936c1addbdcee572ec09fe0)] -> xpath: //h1[text()='Register']]
2023-05-15 20:05:621 INFO  RegisterPage :62 - Click on genderProxy element for: DefaultElementLocator 'By.id: gender-Female'
2023-05-15 20:05:507 INFO  TopMenuPage :42 - Verify Computer text[[ChromeDriver: chrome on WINDOWS (d7243f4ec8186dc66ad0765055b1f4b3)] -> xpath: //a[@href='/computers']]
2023-05-15 20:05:150 INFO  TopMenuPage :47 - Verify electronics text[[ChromeDriver: chrome on WINDOWS (cebeb178317b26e0c3905cbbddac9dce)] -> xpath: //a[@href='/electronics']]
2023-05-15 20:05:897 INFO  TopMenuPage :52 - Verify apparel text[[ChromeDriver: chrome on WINDOWS (d5297106a168d68afdaa2a7ef5448913)] -> xpath: //a[@href='/apparel']]
2023-05-15 20:05:669 INFO  HomePage :35 - Click on computer menu[[ChromeDriver: chrome on WINDOWS (229a606f8cdc857a3e5d0d1d35785f0f)] -> xpath: //ul[1]/li/a[text()='Computers ']]
2023-05-15 20:05:717 INFO  ComputersPage :18 - Click on desktops[[ChromeDriver: chrome on WINDOWS (229a606f8cdc857a3e5d0d1d35785f0f)] -> xpath: //img[@alt='Picture for category Desktops']]
2023-05-15 20:05:247 INFO  DesktopsPage :32 - Select sort A to Z[[ChromeDriver: chrome on WINDOWS (229a606f8cdc857a3e5d0d1d35785f0f)] -> name: products-orderby]
2023-05-15 20:05:289 INFO  HomePage :45 - Hover on electronic[[ChromeDriver: chrome on WINDOWS (373b051c6b686e2626fb340e6caa9876)] -> xpath: //a[text()='Electronics ']]
2023-05-15 20:05:499 INFO  HomePage :50 - Click on cell phones[[ChromeDriver: chrome on WINDOWS (373b051c6b686e2626fb340e6caa9876)] -> xpath: //ul[1]/li[2]/ul[1]/li[2]/a[1]]
2023-05-15 20:05:705 INFO  HomePage :45 - Hover on electronic[[ChromeDriver: chrome on WINDOWS (39cbd3a6f291d78597416913f16caa48)] -> xpath: //a[text()='Electronics ']]
2023-05-15 20:05:872 INFO  HomePage :50 - Click on cell phones[[ChromeDriver: chrome on WINDOWS (39cbd3a6f291d78597416913f16caa48)] -> xpath: //ul[1]/li[2]/ul[1]/li[2]/a[1]]
2023-05-15 20:05:514 INFO  TopMenuPage :42 - Verify Computer text[[ChromeDriver: chrome on WINDOWS (4cc98db556c10b4a82ee4b746e0e880d)] -> xpath: //a[@href='/computers']]
2023-05-15 20:05:324 INFO  TopMenuPage :47 - Verify electronics text[[ChromeDriver: chrome on WINDOWS (cc0bf6146e42f857913d148e0c82afef)] -> xpath: //a[@href='/electronics']]
2023-05-15 20:05:625 INFO  TopMenuPage :52 - Verify apparel text[[ChromeDriver: chrome on WINDOWS (8382f7bfc9ce71b15609266f36110e2e)] -> xpath: //a[@href='/apparel']]
2023-05-15 20:05:808 INFO  HomePage :35 - Click on computer menu[[ChromeDriver: chrome on WINDOWS (bc58d9344438d715f9d79a441a9c2f98)] -> xpath: //ul[1]/li/a[text()='Computers ']]
2023-05-15 20:05:490 INFO  ComputersPage :18 - Click on desktops[[ChromeDriver: chrome on WINDOWS (bc58d9344438d715f9d79a441a9c2f98)] -> xpath: //img[@alt='Picture for category Desktops']]
2023-05-15 20:05:992 INFO  DesktopsPage :32 - Select sort A to Z[[ChromeDriver: chrome on WINDOWS (bc58d9344438d715f9d79a441a9c2f98)] -> name: products-orderby]
2023-05-15 21:05:666 INFO  HomePage :45 - Hover on electronic[[ChromeDriver: chrome on WINDOWS (94cf8b398b02858b76440736eb2c7460)] -> xpath: //a[text()='Electronics ']]
2023-05-15 21:05:892 INFO  HomePage :50 - Click on cell phones[[ChromeDriver: chrome on WINDOWS (94cf8b398b02858b76440736eb2c7460)] -> xpath: //ul[1]/li[2]/ul[1]/li[2]/a[1]]
2023-05-15 21:05:548 INFO  CellPhonesPage :50 - Get cell phone text[[ChromeDriver: chrome on WINDOWS (94cf8b398b02858b76440736eb2c7460)] -> xpath: //h1[text()='Cell phones']]
2023-05-15 21:05:276 INFO  HomePage :45 - Hover on electronic[[ChromeDriver: chrome on WINDOWS (5ea73feaad65b2b501ef9e1512f3c9e5)] -> xpath: //a[text()='Electronics ']]
2023-05-15 21:05:472 INFO  HomePage :50 - Click on cell phones[[ChromeDriver: chrome on WINDOWS (5ea73feaad65b2b501ef9e1512f3c9e5)] -> xpath: //ul[1]/li[2]/ul[1]/li[2]/a[1]]
2023-05-15 21:05:44 INFO  CellPhonesPage :50 - Get cell phone text[[ChromeDriver: chrome on WINDOWS (5ea73feaad65b2b501ef9e1512f3c9e5)] -> xpath: //h1[text()='Cell phones']]
2023-05-15 21:05:111 INFO  CellPhonesPage :55 - Click on list view tab[[ChromeDriver: chrome on WINDOWS (5ea73feaad65b2b501ef9e1512f3c9e5)] -> xpath: //a[contains(text(),'List')]]
2023-05-15 21:05:243 INFO  CellPhonesPage :60 - Click on nokia lumia product[[ChromeDriver: chrome on WINDOWS (5ea73feaad65b2b501ef9e1512f3c9e5)] -> xpath: //div[3]/div[1]/div[2]/h2[1]/a]
2023-05-15 21:05:271 INFO  CellPhonesPage :65 - Verify nokia lumia text[[ChromeDriver: chrome on WINDOWS (5ea73feaad65b2b501ef9e1512f3c9e5)] -> xpath: //h1[text()='Nokia Lumia 1020']]
2023-05-15 21:05:320 INFO  CellPhonesPage :70 - Verify price[[ChromeDriver: chrome on WINDOWS (5ea73feaad65b2b501ef9e1512f3c9e5)] -> id: price-value-20]
2023-05-15 21:05:381 INFO  CellPhonesPage :75 - Change quantity[[ChromeDriver: chrome on WINDOWS (5ea73feaad65b2b501ef9e1512f3c9e5)] -> name: addtocart_20.EnteredQuantity]
2023-05-15 21:05:626 INFO  CellPhonesPage :81 - Click on add to cart[[ChromeDriver: chrome on WINDOWS (5ea73feaad65b2b501ef9e1512f3c9e5)] -> id: add-to-cart-button-20]
2023-05-15 21:05:952 INFO  CellPhonesPage :86 - Verify product added in shopping cart text[[ChromeDriver: chrome on WINDOWS (5ea73feaad65b2b501ef9e1512f3c9e5)] -> xpath: //body/div[@id='bar-notification']/div[1]/p[1]]
2023-05-15 21:05:09 INFO  CellPhonesPage :91 - Click on close button[[ChromeDriver: chrome on WINDOWS (5ea73feaad65b2b501ef9e1512f3c9e5)] -> xpath: //span[@title='Close']]
2023-05-15 21:05:120 INFO  CellPhonesPage :96 - Mouse hover on shopping cart[[ChromeDriver: chrome on WINDOWS (5ea73feaad65b2b501ef9e1512f3c9e5)] -> xpath: //span[text()='Shopping cart']]
2023-05-15 21:05:138 INFO  CellPhonesPage :97 - Click on go to cart[[ChromeDriver: chrome on WINDOWS (5ea73feaad65b2b501ef9e1512f3c9e5)] -> xpath: //button[text()='Go to cart']]
2023-05-15 21:05:618 INFO  CartPage :114 - Verify shopping cart text[[ChromeDriver: chrome on WINDOWS (5ea73feaad65b2b501ef9e1512f3c9e5)] -> xpath: //h1[text()='Shopping cart']]
2023-05-15 21:05:655 INFO  CartPage :119 - Verify quantity[[ChromeDriver: chrome on WINDOWS (5ea73feaad65b2b501ef9e1512f3c9e5)] -> xpath: //span[contains(text(),'(2)')]]
2023-05-15 21:05:698 INFO  CartPage :124 - Verify total[[ChromeDriver: chrome on WINDOWS (5ea73feaad65b2b501ef9e1512f3c9e5)] -> xpath: //tbody/tr[1]/td[6]/span[1]]
2023-05-15 21:05:737 INFO  CartPage :94 - Click on check box[[ChromeDriver: chrome on WINDOWS (5ea73feaad65b2b501ef9e1512f3c9e5)] -> xpath: //input[@id='termsofservice']]
2023-05-15 21:05:843 INFO  CartPage :99 - Click on checkout button[[ChromeDriver: chrome on WINDOWS (5ea73feaad65b2b501ef9e1512f3c9e5)] -> xpath: //button[@id='checkout']]
2023-05-15 21:05:436 INFO  CartPage :139 - Verify welcome message[[ChromeDriver: chrome on WINDOWS (5ea73feaad65b2b501ef9e1512f3c9e5)] -> xpath: //h1[text()='Welcome, Please Sign In!']]
2023-05-15 21:05:476 INFO  CartPage :144 - Click on register tab[[ChromeDriver: chrome on WINDOWS (5ea73feaad65b2b501ef9e1512f3c9e5)] -> xpath: //button[text()='Register']]
2023-05-15 21:05:837 INFO  RegisterPage :57 - Verify register text[[ChromeDriver: chrome on WINDOWS (5ea73feaad65b2b501ef9e1512f3c9e5)] -> xpath: //h1[text()='Register']]
2023-05-15 21:05:921 INFO  RegisterPage :62 - Click on genderProxy element for: DefaultElementLocator 'By.id: gender-Female'
2023-05-15 21:05:866 INFO  TopMenuPage :42 - Verify Computer text[[ChromeDriver: chrome on WINDOWS (c73af815500ed23846deddf2bc1c0ffd)] -> xpath: //a[@href='/computers']]
2023-05-15 21:05:592 INFO  TopMenuPage :47 - Verify electronics text[[ChromeDriver: chrome on WINDOWS (e4f8793c4f9a36b9b4e4faf1a98a7ec3)] -> xpath: //a[@href='/electronics']]
2023-05-15 21:05:70 INFO  TopMenuPage :52 - Verify apparel text[[ChromeDriver: chrome on WINDOWS (b8624b865dc948d966d9f5ab28a1722a)] -> xpath: //a[@href='/apparel']]
2023-05-15 21:05:101 INFO  HomePage :35 - Click on computer menu[[ChromeDriver: chrome on WINDOWS (e581095dd3bccdb0b1a3b300b7ab5df6)] -> xpath: //ul[1]/li/a[text()='Computers ']]
2023-05-15 21:05:327 INFO  ComputersPage :18 - Click on desktops[[ChromeDriver: chrome on WINDOWS (e581095dd3bccdb0b1a3b300b7ab5df6)] -> xpath: //img[@alt='Picture for category Desktops']]
2023-05-15 21:05:850 INFO  DesktopsPage :32 - Select sort A to Z[[ChromeDriver: chrome on WINDOWS (e581095dd3bccdb0b1a3b300b7ab5df6)] -> name: products-orderby]
2023-05-15 21:05:664 INFO  HomePage :45 - Hover on electronic[[ChromeDriver: chrome on WINDOWS (06ce1b61e0bcc0cafe49b94c5d8ad412)] -> xpath: //a[text()='Electronics ']]
2023-05-15 21:05:872 INFO  HomePage :50 - Click on cell phones[[ChromeDriver: chrome on WINDOWS (06ce1b61e0bcc0cafe49b94c5d8ad412)] -> xpath: //ul[1]/li[2]/ul[1]/li[2]/a[1]]
2023-05-15 21:05:68 INFO  CellPhonesPage :50 - Get cell phone text[[ChromeDriver: chrome on WINDOWS (06ce1b61e0bcc0cafe49b94c5d8ad412)] -> xpath: //h1[text()='Cell phones']]
2023-05-15 21:05:51 INFO  HomePage :45 - Hover on electronic[[ChromeDriver: chrome on WINDOWS (04cfe54c0ce75b22329cab763596bf10)] -> xpath: //a[text()='Electronics ']]
2023-05-15 21:05:254 INFO  HomePage :50 - Click on cell phones[[ChromeDriver: chrome on WINDOWS (04cfe54c0ce75b22329cab763596bf10)] -> xpath: //ul[1]/li[2]/ul[1]/li[2]/a[1]]
2023-05-15 21:05:252 INFO  CellPhonesPage :50 - Get cell phone text[[ChromeDriver: chrome on WINDOWS (04cfe54c0ce75b22329cab763596bf10)] -> xpath: //h1[text()='Cell phones']]
2023-05-15 21:05:323 INFO  CellPhonesPage :55 - Click on list view tab[[ChromeDriver: chrome on WINDOWS (04cfe54c0ce75b22329cab763596bf10)] -> xpath: //a[contains(text(),'List')]]
2023-05-15 21:05:426 INFO  CellPhonesPage :60 - Click on nokia lumia product[[ChromeDriver: chrome on WINDOWS (04cfe54c0ce75b22329cab763596bf10)] -> xpath: //div[3]/div[1]/div[2]/h2[1]/a]
2023-05-15 21:05:307 INFO  CellPhonesPage :65 - Verify nokia lumia text[[ChromeDriver: chrome on WINDOWS (04cfe54c0ce75b22329cab763596bf10)] -> xpath: //h1[text()='Nokia Lumia 1020']]
2023-05-15 21:05:351 INFO  CellPhonesPage :70 - Verify price[[ChromeDriver: chrome on WINDOWS (04cfe54c0ce75b22329cab763596bf10)] -> id: price-value-20]
2023-05-15 21:05:387 INFO  CellPhonesPage :75 - Change quantity[[ChromeDriver: chrome on WINDOWS (04cfe54c0ce75b22329cab763596bf10)] -> name: addtocart_20.EnteredQuantity]
2023-05-15 21:05:588 INFO  CellPhonesPage :81 - Click on add to cart[[ChromeDriver: chrome on WINDOWS (04cfe54c0ce75b22329cab763596bf10)] -> id: add-to-cart-button-20]
2023-05-15 21:05:934 INFO  CellPhonesPage :86 - Verify product added in shopping cart text[[ChromeDriver: chrome on WINDOWS (04cfe54c0ce75b22329cab763596bf10)] -> xpath: //body/div[@id='bar-notification']/div[1]/p[1]]
2023-05-15 21:05:989 INFO  CellPhonesPage :91 - Click on close button[[ChromeDriver: chrome on WINDOWS (04cfe54c0ce75b22329cab763596bf10)] -> xpath: //span[@title='Close']]
2023-05-15 21:05:109 INFO  CellPhonesPage :96 - Mouse hover on shopping cart[[ChromeDriver: chrome on WINDOWS (04cfe54c0ce75b22329cab763596bf10)] -> xpath: //span[text()='Shopping cart']]
2023-05-15 21:05:130 INFO  CellPhonesPage :97 - Click on go to cart[[ChromeDriver: chrome on WINDOWS (04cfe54c0ce75b22329cab763596bf10)] -> xpath: //button[text()='Go to cart']]
2023-05-15 21:05:667 INFO  CartPage :114 - Verify shopping cart text[[ChromeDriver: chrome on WINDOWS (04cfe54c0ce75b22329cab763596bf10)] -> xpath: //h1[text()='Shopping cart']]
2023-05-15 21:05:714 INFO  CartPage :119 - Verify quantity[[ChromeDriver: chrome on WINDOWS (04cfe54c0ce75b22329cab763596bf10)] -> xpath: //span[contains(text(),'(2)')]]
2023-05-15 21:05:755 INFO  CartPage :124 - Verify total[[ChromeDriver: chrome on WINDOWS (04cfe54c0ce75b22329cab763596bf10)] -> xpath: //tbody/tr[1]/td[6]/span[1]]
2023-05-15 21:05:793 INFO  CartPage :94 - Click on check box[[ChromeDriver: chrome on WINDOWS (04cfe54c0ce75b22329cab763596bf10)] -> xpath: //input[@id='termsofservice']]
2023-05-15 21:05:890 INFO  CartPage :99 - Click on checkout button[[ChromeDriver: chrome on WINDOWS (04cfe54c0ce75b22329cab763596bf10)] -> xpath: //button[@id='checkout']]
2023-05-15 21:05:479 INFO  CartPage :139 - Verify welcome message[[ChromeDriver: chrome on WINDOWS (04cfe54c0ce75b22329cab763596bf10)] -> xpath: //h1[text()='Welcome, Please Sign In!']]
2023-05-15 21:05:521 INFO  CartPage :144 - Click on register tab[[ChromeDriver: chrome on WINDOWS (04cfe54c0ce75b22329cab763596bf10)] -> xpath: //button[text()='Register']]
2023-05-15 21:05:915 INFO  RegisterPage :57 - Verify register text[[ChromeDriver: chrome on WINDOWS (04cfe54c0ce75b22329cab763596bf10)] -> xpath: //h1[text()='Register']]
2023-05-15 21:05:991 INFO  RegisterPage :62 - Click on genderProxy element for: DefaultElementLocator 'By.id: gender-Female'
2023-05-15 21:05:723 INFO  TopMenuPage :42 - Verify Computer text[[ChromeDriver: chrome on WINDOWS (8874690a79d2e3be72b5f0b4ccb41242)] -> xpath: //a[@href='/computers']]
2023-05-15 21:05:681 INFO  TopMenuPage :47 - Verify electronics text[[ChromeDriver: chrome on WINDOWS (a50ed32638b2c0b342e55989366285e6)] -> xpath: //a[@href='/electronics']]
2023-05-15 21:05:567 INFO  TopMenuPage :52 - Verify apparel text[[ChromeDriver: chrome on WINDOWS (338abdd94a1ce0647e36ff5c78521f58)] -> xpath: //a[@href='/apparel']]
2023-05-15 21:05:785 INFO  TopMenuPage :42 - Verify Computer text[[ChromeDriver: chrome on WINDOWS (84261c1d365cfeddb0d6c6236d6cae78)] -> xpath: //a[@href='/computers']]
2023-05-15 21:05:679 INFO  TopMenuPage :47 - Verify electronics text[[ChromeDriver: chrome on WINDOWS (6ae83168d51332d27359d6d583235ad8)] -> xpath: //a[@href='/electronics']]
2023-05-15 21:05:31 INFO  TopMenuPage :52 - Verify apparel text[[ChromeDriver: chrome on WINDOWS (15b27fd1734ade09b56e73445b5f13ed)] -> xpath: //a[@href='/apparel']]
2023-05-15 21:05:23 INFO  HomePage :45 - Hover on electronic[[ChromeDriver: chrome on WINDOWS (1db372b8e793ee9cf2759c4702a2b71f)] -> xpath: //a[text()='Electronics ']]
2023-05-15 21:05:244 INFO  HomePage :50 - Click on cell phones[[ChromeDriver: chrome on WINDOWS (1db372b8e793ee9cf2759c4702a2b71f)] -> xpath: //ul[1]/li[2]/ul[1]/li[2]/a[1]]
2023-05-15 21:05:274 INFO  CellPhonesPage :50 - Get cell phone text[[ChromeDriver: chrome on WINDOWS (1db372b8e793ee9cf2759c4702a2b71f)] -> xpath: //h1[text()='Cell phones']]
2023-05-15 21:05:435 INFO  HomePage :45 - Hover on electronic[[ChromeDriver: chrome on WINDOWS (edc3de9824086ce7feeb6d4522e629a1)] -> xpath: //a[text()='Electronics ']]
2023-05-15 21:05:642 INFO  HomePage :50 - Click on cell phones[[ChromeDriver: chrome on WINDOWS (edc3de9824086ce7feeb6d4522e629a1)] -> xpath: //ul[1]/li[2]/ul[1]/li[2]/a[1]]
2023-05-15 21:05:669 INFO  CellPhonesPage :50 - Get cell phone text[[ChromeDriver: chrome on WINDOWS (edc3de9824086ce7feeb6d4522e629a1)] -> xpath: //h1[text()='Cell phones']]
2023-05-15 21:05:725 INFO  CellPhonesPage :55 - Click on list view tab[[ChromeDriver: chrome on WINDOWS (edc3de9824086ce7feeb6d4522e629a1)] -> xpath: //a[contains(text(),'List')]]
2023-05-15 21:05:816 INFO  CellPhonesPage :60 - Click on nokia lumia product[[ChromeDriver: chrome on WINDOWS (edc3de9824086ce7feeb6d4522e629a1)] -> xpath: //div[3]/div[1]/div[2]/h2[1]/a]
2023-05-15 21:05:698 INFO  CellPhonesPage :65 - Verify nokia lumia text[[ChromeDriver: chrome on WINDOWS (edc3de9824086ce7feeb6d4522e629a1)] -> xpath: //h1[text()='Nokia Lumia 1020']]
2023-05-15 21:05:767 INFO  CellPhonesPage :70 - Verify price[[ChromeDriver: chrome on WINDOWS (edc3de9824086ce7feeb6d4522e629a1)] -> id: price-value-20]
2023-05-15 21:05:840 INFO  CellPhonesPage :75 - Change quantity[[ChromeDriver: chrome on WINDOWS (edc3de9824086ce7feeb6d4522e629a1)] -> name: addtocart_20.EnteredQuantity]
2023-05-15 21:05:53 INFO  CellPhonesPage :81 - Click on add to cart[[ChromeDriver: chrome on WINDOWS (edc3de9824086ce7feeb6d4522e629a1)] -> id: add-to-cart-button-20]
2023-05-15 21:05:422 INFO  CellPhonesPage :86 - Verify product added in shopping cart text[[ChromeDriver: chrome on WINDOWS (edc3de9824086ce7feeb6d4522e629a1)] -> xpath: //body/div[@id='bar-notification']/div[1]/p[1]]
2023-05-15 21:05:477 INFO  CellPhonesPage :91 - Click on close button[[ChromeDriver: chrome on WINDOWS (edc3de9824086ce7feeb6d4522e629a1)] -> xpath: //span[@title='Close']]
2023-05-15 21:05:767 INFO  CellPhonesPage :96 - Mouse hover on shopping cart[[ChromeDriver: chrome on WINDOWS (edc3de9824086ce7feeb6d4522e629a1)] -> xpath: //span[text()='Shopping cart']]
2023-05-15 21:05:850 INFO  CellPhonesPage :97 - Click on go to cart[[ChromeDriver: chrome on WINDOWS (edc3de9824086ce7feeb6d4522e629a1)] -> xpath: //button[text()='Go to cart']]
2023-05-15 21:05:197 INFO  CartPage :114 - Verify shopping cart text[[ChromeDriver: chrome on WINDOWS (edc3de9824086ce7feeb6d4522e629a1)] -> xpath: //h1[text()='Shopping cart']]
2023-05-15 21:05:236 INFO  CartPage :119 - Verify quantity[[ChromeDriver: chrome on WINDOWS (edc3de9824086ce7feeb6d4522e629a1)] -> xpath: //span[contains(text(),'(2)')]]
2023-05-15 21:05:273 INFO  CartPage :124 - Verify total[[ChromeDriver: chrome on WINDOWS (edc3de9824086ce7feeb6d4522e629a1)] -> xpath: //tbody/tr[1]/td[6]/span[1]]
2023-05-15 21:05:315 INFO  CartPage :94 - Click on check box[[ChromeDriver: chrome on WINDOWS (edc3de9824086ce7feeb6d4522e629a1)] -> xpath: //input[@id='termsofservice']]
2023-05-15 21:05:413 INFO  CartPage :99 - Click on checkout button[[ChromeDriver: chrome on WINDOWS (edc3de9824086ce7feeb6d4522e629a1)] -> xpath: //button[@id='checkout']]
2023-05-15 21:05:105 INFO  CartPage :139 - Verify welcome message[[ChromeDriver: chrome on WINDOWS (edc3de9824086ce7feeb6d4522e629a1)] -> xpath: //h1[text()='Welcome, Please Sign In!']]
2023-05-15 21:05:153 INFO  CartPage :144 - Click on register tab[[ChromeDriver: chrome on WINDOWS (edc3de9824086ce7feeb6d4522e629a1)] -> xpath: //button[text()='Register']]
2023-05-15 21:05:631 INFO  RegisterPage :57 - Verify register text[[ChromeDriver: chrome on WINDOWS (edc3de9824086ce7feeb6d4522e629a1)] -> xpath: //h1[text()='Register']]
2023-05-15 21:05:475 INFO  RegisterPage :62 - Click on genderProxy element for: DefaultElementLocator 'By.id: gender-Female'
2023-05-15 21:05:684 INFO  HomePage :45 - Hover on electronic[[ChromeDriver: chrome on WINDOWS (a6f0403bd639b4625c2516051028a549)] -> xpath: //a[text()='Electronics ']]
2023-05-15 21:05:897 INFO  HomePage :50 - Click on cell phones[[ChromeDriver: chrome on WINDOWS (a6f0403bd639b4625c2516051028a549)] -> xpath: //ul[1]/li[2]/ul[1]/li[2]/a[1]]
2023-05-15 21:05:923 INFO  CellPhonesPage :50 - Get cell phone text[[ChromeDriver: chrome on WINDOWS (a6f0403bd639b4625c2516051028a549)] -> xpath: //h1[text()='Cell phones']]
2023-05-15 21:05:992 INFO  CellPhonesPage :55 - Click on list view tab[[ChromeDriver: chrome on WINDOWS (a6f0403bd639b4625c2516051028a549)] -> xpath: //a[contains(text(),'List')]]
2023-05-15 21:05:94 INFO  CellPhonesPage :60 - Click on nokia lumia product[[ChromeDriver: chrome on WINDOWS (a6f0403bd639b4625c2516051028a549)] -> xpath: //div[3]/div[1]/div[2]/h2[1]/a]
2023-05-15 21:05:959 INFO  CellPhonesPage :65 - Verify nokia lumia text[[ChromeDriver: chrome on WINDOWS (a6f0403bd639b4625c2516051028a549)] -> xpath: //h1[text()='Nokia Lumia 1020']]
2023-05-15 21:05:17 INFO  CellPhonesPage :70 - Verify price[[ChromeDriver: chrome on WINDOWS (a6f0403bd639b4625c2516051028a549)] -> id: price-value-20]
2023-05-15 21:05:85 INFO  CellPhonesPage :75 - Change quantity[[ChromeDriver: chrome on WINDOWS (a6f0403bd639b4625c2516051028a549)] -> name: addtocart_20.EnteredQuantity]
2023-05-15 21:05:308 INFO  CellPhonesPage :81 - Click on add to cart[[ChromeDriver: chrome on WINDOWS (a6f0403bd639b4625c2516051028a549)] -> id: add-to-cart-button-20]
2023-05-15 21:05:639 INFO  CellPhonesPage :86 - Verify product added in shopping cart text[[ChromeDriver: chrome on WINDOWS (a6f0403bd639b4625c2516051028a549)] -> xpath: //body/div[@id='bar-notification']/div[1]/p[1]]
2023-05-15 21:05:707 INFO  CellPhonesPage :91 - Click on close button[[ChromeDriver: chrome on WINDOWS (a6f0403bd639b4625c2516051028a549)] -> xpath: //span[@title='Close']]
2023-05-15 21:05:831 INFO  CellPhonesPage :96 - Mouse hover on shopping cart[[ChromeDriver: chrome on WINDOWS (a6f0403bd639b4625c2516051028a549)] -> xpath: //span[text()='Shopping cart']]
2023-05-15 21:05:857 INFO  CellPhonesPage :97 - Click on go to cart[[ChromeDriver: chrome on WINDOWS (a6f0403bd639b4625c2516051028a549)] -> xpath: //button[text()='Go to cart']]
2023-05-15 21:05:341 INFO  CartPage :114 - Verify shopping cart text[[ChromeDriver: chrome on WINDOWS (a6f0403bd639b4625c2516051028a549)] -> xpath: //h1[text()='Shopping cart']]
2023-05-15 21:05:379 INFO  CartPage :119 - Verify quantity[[ChromeDriver: chrome on WINDOWS (a6f0403bd639b4625c2516051028a549)] -> xpath: //span[contains(text(),'(2)')]]
2023-05-15 21:05:429 INFO  CartPage :124 - Verify total[[ChromeDriver: chrome on WINDOWS (a6f0403bd639b4625c2516051028a549)] -> xpath: //tbody/tr[1]/td[6]/span[1]]
2023-05-15 21:05:469 INFO  CartPage :94 - Click on check box[[ChromeDriver: chrome on WINDOWS (a6f0403bd639b4625c2516051028a549)] -> xpath: //input[@id='termsofservice']]
2023-05-15 21:05:560 INFO  CartPage :99 - Click on checkout button[[ChromeDriver: chrome on WINDOWS (a6f0403bd639b4625c2516051028a549)] -> xpath: //button[@id='checkout']]
2023-05-15 21:05:218 INFO  CartPage :139 - Verify welcome message[[ChromeDriver: chrome on WINDOWS (a6f0403bd639b4625c2516051028a549)] -> xpath: //h1[text()='Welcome, Please Sign In!']]
2023-05-15 21:05:259 INFO  CartPage :144 - Click on register tab[[ChromeDriver: chrome on WINDOWS (a6f0403bd639b4625c2516051028a549)] -> xpath: //button[text()='Register']]
2023-05-15 21:05:705 INFO  RegisterPage :57 - Verify register text[[ChromeDriver: chrome on WINDOWS (a6f0403bd639b4625c2516051028a549)] -> xpath: //h1[text()='Register']]
2023-05-15 21:05:749 INFO  RegisterPage :62 - Click on gender[[ChromeDriver: chrome on WINDOWS (a6f0403bd639b4625c2516051028a549)] -> xpath: //input[@value='F']]
2023-05-15 21:05:835 INFO  RegisterPage :64 - Enter first name[[ChromeDriver: chrome on WINDOWS (a6f0403bd639b4625c2516051028a549)] -> id: FirstName]
2023-05-15 21:05:919 INFO  RegisterPage :66 - Enter last name[[ChromeDriver: chrome on WINDOWS (a6f0403bd639b4625c2516051028a549)] -> id: LastName]
2023-05-15 21:05:43 INFO  RegisterPage :68 - Select day[[ChromeDriver: chrome on WINDOWS (a6f0403bd639b4625c2516051028a549)] -> name: DateOfBirthDay]
2023-05-15 21:05:195 INFO  RegisterPage :70 - Select month[[ChromeDriver: chrome on WINDOWS (a6f0403bd639b4625c2516051028a549)] -> name: DateOfBirthMonth]
2023-05-15 21:05:328 INFO  RegisterPage :72 - Select year[[ChromeDriver: chrome on WINDOWS (a6f0403bd639b4625c2516051028a549)] -> name: DateOfBirthYear]
2023-05-15 21:05:481 INFO  RegisterPage :74 - Enter email[[ChromeDriver: chrome on WINDOWS (a6f0403bd639b4625c2516051028a549)] -> id: Email]
2023-05-15 21:05:645 INFO  RegisterPage :76 - Enter password[[ChromeDriver: chrome on WINDOWS (a6f0403bd639b4625c2516051028a549)] -> id: Password]
2023-05-15 21:05:778 INFO  RegisterPage :78 - Enter confirm password[[ChromeDriver: chrome on WINDOWS (a6f0403bd639b4625c2516051028a549)] -> id: ConfirmPassword]
2023-05-15 21:05:904 INFO  RegisterPage :83 - Click on registration button[[ChromeDriver: chrome on WINDOWS (a6f0403bd639b4625c2516051028a549)] -> id: register-button]
2023-05-15 21:05:611 INFO  RegisterPage :88 - Verify registration text[[ChromeDriver: chrome on WINDOWS (a6f0403bd639b4625c2516051028a549)] -> xpath: //div[text()='Your registration completed']]
2023-05-15 21:05:657 INFO  RegisterPage :92 - Click on continue tab[[ChromeDriver: chrome on WINDOWS (a6f0403bd639b4625c2516051028a549)] -> xpath: //a[text()='Continue']]
2023-05-15 21:05:921 INFO  HomePage :35 - Click on computer menu[[ChromeDriver: chrome on WINDOWS (c49275e03f3082cc20a2ae85962e2cf1)] -> xpath: //ul[1]/li/a[text()='Computers ']]
2023-05-15 21:05:472 INFO  ComputersPage :18 - Click on desktops[[ChromeDriver: chrome on WINDOWS (c49275e03f3082cc20a2ae85962e2cf1)] -> xpath: //img[@alt='Picture for category Desktops']]
2023-05-15 21:05:929 INFO  DesktopsPage :32 - Select sort A to Z[[ChromeDriver: chrome on WINDOWS (c49275e03f3082cc20a2ae85962e2cf1)] -> name: products-orderby]
2023-05-15 21:05:569 INFO  HomePage :35 - Click on computer menu[[ChromeDriver: chrome on WINDOWS (9e0ea6fbb0bbf99d63e13460ec82bd52)] -> xpath: //ul[1]/li/a[text()='Computers ']]
2023-05-15 21:05:509 INFO  ComputersPage :18 - Click on desktops[[ChromeDriver: chrome on WINDOWS (9e0ea6fbb0bbf99d63e13460ec82bd52)] -> xpath: //img[@alt='Picture for category Desktops']]
2023-05-15 21:05:944 INFO  DesktopsPage :32 - Select sort A to Z[[ChromeDriver: chrome on WINDOWS (9e0ea6fbb0bbf99d63e13460ec82bd52)] -> name: products-orderby]
2023-05-15 21:05:108 INFO  DesktopsPage :37 - CLick on add to cart button[[ChromeDriver: chrome on WINDOWS (9e0ea6fbb0bbf99d63e13460ec82bd52)] -> xpath: //body/div[6]/div[3]/div[1]/div[3]/div[1]/div[2]/div[2]/div[2]/div[1]/div[1]/div[1]/div[1]/div[2]/div[3]/div[2]/button[1]]
2023-05-15 21:05:153 INFO  BuildYourOwnComputerPage :60 - Get build your own computer text[[ChromeDriver: chrome on WINDOWS (9e0ea6fbb0bbf99d63e13460ec82bd52)] -> xpath: //h1[text()='Build your own computer']]
2023-05-15 21:05:234 INFO  BuildYourOwnComputerPage :65 - Select processor[[ChromeDriver: chrome on WINDOWS (9e0ea6fbb0bbf99d63e13460ec82bd52)] -> name: product_attribute_1]
2023-05-15 21:05:411 INFO  BuildYourOwnComputerPage :70 - Select ram[[ChromeDriver: chrome on WINDOWS (9e0ea6fbb0bbf99d63e13460ec82bd52)] -> name: product_attribute_2]
2023-05-15 21:05:536 INFO  BuildYourOwnComputerPage :75 - Select hdd[[ChromeDriver: chrome on WINDOWS (9e0ea6fbb0bbf99d63e13460ec82bd52)] -> id: product_attribute_3_7]
2023-05-15 21:05:625 INFO  BuildYourOwnComputerPage :80 - Select vista premium Os[[ChromeDriver: chrome on WINDOWS (9e0ea6fbb0bbf99d63e13460ec82bd52)] -> id: product_attribute_4_9]
2023-05-15 21:05:696 INFO  BuildYourOwnComputerPage :85 - Click on total command[[ChromeDriver: chrome on WINDOWS (9e0ea6fbb0bbf99d63e13460ec82bd52)] -> id: product_attribute_5_12]
2023-05-15 21:05:772 INFO  BuildYourOwnComputerPage :90 - Get price[[ChromeDriver: chrome on WINDOWS (9e0ea6fbb0bbf99d63e13460ec82bd52)] -> id: price-value-1]
2023-05-15 21:05:449 INFO  HomePage :45 - Hover on electronic[[ChromeDriver: chrome on WINDOWS (654517072108dc60a1f2dc7d81ca54a2)] -> xpath: //a[text()='Electronics ']]
2023-05-15 21:05:633 INFO  HomePage :50 - Click on cell phones[[ChromeDriver: chrome on WINDOWS (654517072108dc60a1f2dc7d81ca54a2)] -> xpath: //ul[1]/li[2]/ul[1]/li[2]/a[1]]
2023-05-15 21:05:575 INFO  CellPhonesPage :50 - Get cell phone text[[ChromeDriver: chrome on WINDOWS (654517072108dc60a1f2dc7d81ca54a2)] -> xpath: //h1[text()='Cell phones']]
2023-05-15 21:05:484 INFO  HomePage :45 - Hover on electronic[[ChromeDriver: chrome on WINDOWS (9c3351f85a6666078fd38cdd0e3651f3)] -> xpath: //a[text()='Electronics ']]
2023-05-15 21:05:666 INFO  HomePage :50 - Click on cell phones[[ChromeDriver: chrome on WINDOWS (9c3351f85a6666078fd38cdd0e3651f3)] -> xpath: //ul[1]/li[2]/ul[1]/li[2]/a[1]]
2023-05-15 21:05:362 INFO  CellPhonesPage :50 - Get cell phone text[[ChromeDriver: chrome on WINDOWS (9c3351f85a6666078fd38cdd0e3651f3)] -> xpath: //h1[text()='Cell phones']]
2023-05-15 21:05:402 INFO  CellPhonesPage :55 - Click on list view tab[[ChromeDriver: chrome on WINDOWS (9c3351f85a6666078fd38cdd0e3651f3)] -> xpath: //a[contains(text(),'List')]]
2023-05-15 21:05:503 INFO  CellPhonesPage :60 - Click on nokia lumia product[[ChromeDriver: chrome on WINDOWS (9c3351f85a6666078fd38cdd0e3651f3)] -> xpath: //div[3]/div[1]/div[2]/h2[1]/a]
2023-05-15 21:05:389 INFO  CellPhonesPage :65 - Verify nokia lumia text[[ChromeDriver: chrome on WINDOWS (9c3351f85a6666078fd38cdd0e3651f3)] -> xpath: //h1[text()='Nokia Lumia 1020']]
2023-05-15 21:05:421 INFO  CellPhonesPage :70 - Verify price[[ChromeDriver: chrome on WINDOWS (9c3351f85a6666078fd38cdd0e3651f3)] -> id: price-value-20]
2023-05-15 21:05:458 INFO  CellPhonesPage :75 - Change quantity[[ChromeDriver: chrome on WINDOWS (9c3351f85a6666078fd38cdd0e3651f3)] -> name: addtocart_20.EnteredQuantity]
2023-05-15 21:05:629 INFO  CellPhonesPage :81 - Click on add to cart[[ChromeDriver: chrome on WINDOWS (9c3351f85a6666078fd38cdd0e3651f3)] -> id: add-to-cart-button-20]
2023-05-15 21:05:981 INFO  CellPhonesPage :86 - Verify product added in shopping cart text[[ChromeDriver: chrome on WINDOWS (9c3351f85a6666078fd38cdd0e3651f3)] -> xpath: //body/div[@id='bar-notification']/div[1]/p[1]]
2023-05-15 21:05:21 INFO  CellPhonesPage :91 - Click on close button[[ChromeDriver: chrome on WINDOWS (9c3351f85a6666078fd38cdd0e3651f3)] -> xpath: //span[@title='Close']]
2023-05-15 21:05:112 INFO  CellPhonesPage :96 - Mouse hover on shopping cart[[ChromeDriver: chrome on WINDOWS (9c3351f85a6666078fd38cdd0e3651f3)] -> xpath: //span[text()='Shopping cart']]
2023-05-15 21:05:133 INFO  CellPhonesPage :97 - Click on go to cart[[ChromeDriver: chrome on WINDOWS (9c3351f85a6666078fd38cdd0e3651f3)] -> xpath: //button[text()='Go to cart']]
2023-05-15 21:05:682 INFO  CartPage :114 - Verify shopping cart text[[ChromeDriver: chrome on WINDOWS (9c3351f85a6666078fd38cdd0e3651f3)] -> xpath: //h1[text()='Shopping cart']]
2023-05-15 21:05:722 INFO  CartPage :119 - Verify quantity[[ChromeDriver: chrome on WINDOWS (9c3351f85a6666078fd38cdd0e3651f3)] -> xpath: //span[contains(text(),'(2)')]]
2023-05-15 21:05:761 INFO  CartPage :124 - Verify total[[ChromeDriver: chrome on WINDOWS (9c3351f85a6666078fd38cdd0e3651f3)] -> xpath: //tbody/tr[1]/td[6]/span[1]]
2023-05-15 21:05:803 INFO  CartPage :94 - Click on check box[[ChromeDriver: chrome on WINDOWS (9c3351f85a6666078fd38cdd0e3651f3)] -> xpath: //input[@id='termsofservice']]
2023-05-15 21:05:911 INFO  CartPage :99 - Click on checkout button[[ChromeDriver: chrome on WINDOWS (9c3351f85a6666078fd38cdd0e3651f3)] -> xpath: //button[@id='checkout']]
2023-05-15 21:05:690 INFO  CartPage :139 - Verify welcome message[[ChromeDriver: chrome on WINDOWS (9c3351f85a6666078fd38cdd0e3651f3)] -> xpath: //h1[text()='Welcome, Please Sign In!']]
2023-05-15 21:05:726 INFO  CartPage :144 - Click on register tab[[ChromeDriver: chrome on WINDOWS (9c3351f85a6666078fd38cdd0e3651f3)] -> xpath: //button[text()='Register']]
2023-05-15 21:05:211 INFO  RegisterPage :57 - Verify register text[[ChromeDriver: chrome on WINDOWS (9c3351f85a6666078fd38cdd0e3651f3)] -> xpath: //h1[text()='Register']]
2023-05-15 21:05:245 INFO  RegisterPage :62 - Click on gender[[ChromeDriver: chrome on WINDOWS (9c3351f85a6666078fd38cdd0e3651f3)] -> xpath: //input[@value='F']]
2023-05-15 21:05:334 INFO  RegisterPage :64 - Enter first name[[ChromeDriver: chrome on WINDOWS (9c3351f85a6666078fd38cdd0e3651f3)] -> id: FirstName]
2023-05-15 21:05:423 INFO  RegisterPage :66 - Enter last name[[ChromeDriver: chrome on WINDOWS (9c3351f85a6666078fd38cdd0e3651f3)] -> id: LastName]
2023-05-15 21:05:536 INFO  RegisterPage :68 - Select day[[ChromeDriver: chrome on WINDOWS (9c3351f85a6666078fd38cdd0e3651f3)] -> name: DateOfBirthDay]
2023-05-15 21:05:683 INFO  RegisterPage :70 - Select month[[ChromeDriver: chrome on WINDOWS (9c3351f85a6666078fd38cdd0e3651f3)] -> name: DateOfBirthMonth]
2023-05-15 21:05:837 INFO  RegisterPage :72 - Select year[[ChromeDriver: chrome on WINDOWS (9c3351f85a6666078fd38cdd0e3651f3)] -> name: DateOfBirthYear]
2023-05-15 21:05:981 INFO  RegisterPage :74 - Enter email[[ChromeDriver: chrome on WINDOWS (9c3351f85a6666078fd38cdd0e3651f3)] -> id: Email]
2023-05-15 21:05:109 INFO  RegisterPage :76 - Enter password[[ChromeDriver: chrome on WINDOWS (9c3351f85a6666078fd38cdd0e3651f3)] -> id: Password]
2023-05-15 21:05:191 INFO  RegisterPage :78 - Enter confirm password[[ChromeDriver: chrome on WINDOWS (9c3351f85a6666078fd38cdd0e3651f3)] -> id: ConfirmPassword]
2023-05-15 21:05:325 INFO  RegisterPage :83 - Click on registration button[[ChromeDriver: chrome on WINDOWS (9c3351f85a6666078fd38cdd0e3651f3)] -> id: register-button]
2023-05-15 21:05:992 INFO  RegisterPage :88 - Verify registration text[[ChromeDriver: chrome on WINDOWS (9c3351f85a6666078fd38cdd0e3651f3)] -> xpath: //div[text()='Your registration completed']]
2023-05-15 21:05:35 INFO  RegisterPage :92 - Click on continue tab[[ChromeDriver: chrome on WINDOWS (9c3351f85a6666078fd38cdd0e3651f3)] -> xpath: //a[text()='Continue']]
2023-05-15 21:05:751 INFO  TopMenuPage :42 - Verify Computer text[[ChromeDriver: chrome on WINDOWS (4d5b0171c6cf8bebed003b87ef8ca9e0)] -> xpath: //a[@href='/computers']]
2023-05-15 21:05:738 INFO  TopMenuPage :47 - Verify electronics text[[ChromeDriver: chrome on WINDOWS (df5253e329129de1465d3e888f3c4c29)] -> xpath: //a[@href='/electronics']]
2023-05-15 21:05:188 INFO  TopMenuPage :52 - Verify apparel text[[ChromeDriver: chrome on WINDOWS (542aef20ca173adfb6409b9d1d25fe56)] -> xpath: //a[@href='/apparel']]
2023-05-15 21:05:81 INFO  HomePage :35 - Click on computer menu[[ChromeDriver: chrome on WINDOWS (d3e44317565b103ae507efb7e10af013)] -> xpath: //ul[1]/li/a[text()='Computers ']]
2023-05-15 21:05:53 INFO  ComputersPage :18 - Click on desktops[[ChromeDriver: chrome on WINDOWS (d3e44317565b103ae507efb7e10af013)] -> xpath: //img[@alt='Picture for category Desktops']]
2023-05-15 21:05:484 INFO  DesktopsPage :32 - Select sort A to Z[[ChromeDriver: chrome on WINDOWS (d3e44317565b103ae507efb7e10af013)] -> name: products-orderby]
2023-05-15 21:05:424 INFO  HomePage :35 - Click on computer menu[[ChromeDriver: chrome on WINDOWS (5fd78702cecf872f11e9f7d278bc10b0)] -> xpath: //ul[1]/li/a[text()='Computers ']]
2023-05-15 21:05:369 INFO  ComputersPage :18 - Click on desktops[[ChromeDriver: chrome on WINDOWS (5fd78702cecf872f11e9f7d278bc10b0)] -> xpath: //img[@alt='Picture for category Desktops']]
2023-05-15 21:05:795 INFO  DesktopsPage :32 - Select sort A to Z[[ChromeDriver: chrome on WINDOWS (5fd78702cecf872f11e9f7d278bc10b0)] -> name: products-orderby]
2023-05-15 21:05:970 INFO  DesktopsPage :37 - CLick on add to cart button[[ChromeDriver: chrome on WINDOWS (5fd78702cecf872f11e9f7d278bc10b0)] -> xpath: //body/div[6]/div[3]/div[1]/div[3]/div[1]/div[2]/div[2]/div[2]/div[1]/div[1]/div[1]/div[1]/div[2]/div[3]/div[2]/button[1]]
2023-05-15 21:05:847 INFO  BuildYourOwnComputerPage :60 - Get build your own computer text[[ChromeDriver: chrome on WINDOWS (5fd78702cecf872f11e9f7d278bc10b0)] -> xpath: //h1[text()='Build your own computer']]
2023-05-15 21:05:935 INFO  BuildYourOwnComputerPage :65 - Select processor[[ChromeDriver: chrome on WINDOWS (5fd78702cecf872f11e9f7d278bc10b0)] -> name: product_attribute_1]
2023-05-15 21:05:110 INFO  BuildYourOwnComputerPage :70 - Select ram[[ChromeDriver: chrome on WINDOWS (5fd78702cecf872f11e9f7d278bc10b0)] -> name: product_attribute_2]
2023-05-15 21:05:234 INFO  BuildYourOwnComputerPage :75 - Select hdd[[ChromeDriver: chrome on WINDOWS (5fd78702cecf872f11e9f7d278bc10b0)] -> id: product_attribute_3_7]
2023-05-15 21:05:337 INFO  BuildYourOwnComputerPage :80 - Select vista premium Os[[ChromeDriver: chrome on WINDOWS (5fd78702cecf872f11e9f7d278bc10b0)] -> id: product_attribute_4_9]
2023-05-15 21:05:403 INFO  BuildYourOwnComputerPage :85 - Click on total command[[ChromeDriver: chrome on WINDOWS (5fd78702cecf872f11e9f7d278bc10b0)] -> id: product_attribute_5_12]
2023-05-15 21:05:491 INFO  BuildYourOwnComputerPage :90 - Get price[[ChromeDriver: chrome on WINDOWS (5fd78702cecf872f11e9f7d278bc10b0)] -> id: price-value-1]
2023-05-15 21:05:429 INFO  HomePage :35 - Click on computer menu[[ChromeDriver: chrome on WINDOWS (0f5627363decf8119271aa0d188f6d63)] -> xpath: //ul[1]/li/a[text()='Computers ']]
2023-05-15 21:05:415 INFO  ComputersPage :18 - Click on desktops[[ChromeDriver: chrome on WINDOWS (0f5627363decf8119271aa0d188f6d63)] -> xpath: //img[@alt='Picture for category Desktops']]
2023-05-15 21:05:858 INFO  DesktopsPage :32 - Select sort A to Z[[ChromeDriver: chrome on WINDOWS (0f5627363decf8119271aa0d188f6d63)] -> name: products-orderby]
2023-05-15 21:05:67 INFO  DesktopsPage :37 - CLick on add to cart button[[ChromeDriver: chrome on WINDOWS (0f5627363decf8119271aa0d188f6d63)] -> xpath: //body/div[6]/div[3]/div[1]/div[3]/div[1]/div[2]/div[2]/div[2]/div[1]/div[1]/div[1]/div[1]/div[2]/div[3]/div[2]/button[1]]
2023-05-15 21:05:31 INFO  BuildYourOwnComputerPage :60 - Get build your own computer text[[ChromeDriver: chrome on WINDOWS (0f5627363decf8119271aa0d188f6d63)] -> xpath: //h1[text()='Build your own computer']]
2023-05-15 21:05:118 INFO  BuildYourOwnComputerPage :65 - Select processor[[ChromeDriver: chrome on WINDOWS (0f5627363decf8119271aa0d188f6d63)] -> name: product_attribute_1]
2023-05-15 21:05:308 INFO  BuildYourOwnComputerPage :70 - Select ram[[ChromeDriver: chrome on WINDOWS (0f5627363decf8119271aa0d188f6d63)] -> name: product_attribute_2]
2023-05-15 21:05:475 INFO  BuildYourOwnComputerPage :75 - Select hdd[[ChromeDriver: chrome on WINDOWS (0f5627363decf8119271aa0d188f6d63)] -> id: product_attribute_3_7]
2023-05-15 21:05:592 INFO  BuildYourOwnComputerPage :80 - Select vista premium Os[[ChromeDriver: chrome on WINDOWS (0f5627363decf8119271aa0d188f6d63)] -> id: product_attribute_4_9]
2023-05-15 21:05:705 INFO  BuildYourOwnComputerPage :85 - Click on total command[[ChromeDriver: chrome on WINDOWS (0f5627363decf8119271aa0d188f6d63)] -> id: product_attribute_5_12]
2023-05-15 21:05:800 INFO  BuildYourOwnComputerPage :90 - Get price[[ChromeDriver: chrome on WINDOWS (0f5627363decf8119271aa0d188f6d63)] -> id: price-value-1]
2023-05-15 21:05:839 INFO  BuildYourOwnComputerPage :95 - Click on add to cart[[ChromeDriver: chrome on WINDOWS (0f5627363decf8119271aa0d188f6d63)] -> id: add-to-cart-button-1]
2023-05-15 21:05:162 INFO  BuildYourOwnComputerPage :100 - Get product added text[[ChromeDriver: chrome on WINDOWS (0f5627363decf8119271aa0d188f6d63)] -> xpath: //body/div[@id='bar-notification']/div[1]/p[1]]
2023-05-15 21:05:200 INFO  BuildYourOwnComputerPage :105 - Click on close button[[ChromeDriver: chrome on WINDOWS (0f5627363decf8119271aa0d188f6d63)] -> xpath: //span[@class='close']]
2023-05-15 21:05:272 INFO  BuildYourOwnComputerPage :110 - Mouse hover on shopping cart[[ChromeDriver: chrome on WINDOWS (0f5627363decf8119271aa0d188f6d63)] -> xpath: //span[@class='cart-label']]
2023-05-15 21:05:459 INFO  BuildYourOwnComputerPage :115 - Click on go to cart button[[ChromeDriver: chrome on WINDOWS (0f5627363decf8119271aa0d188f6d63)] -> xpath: //button[contains(text(),'Go to cart')]]
2023-05-15 21:05:801 INFO  CartPage :73 - Get shopping cart text[[ChromeDriver: chrome on WINDOWS (0f5627363decf8119271aa0d188f6d63)] -> xpath: //h1[text()='Shopping cart']]
2023-05-15 21:05:837 INFO  CartPage :78 - Change quantity[[ChromeDriver: chrome on WINDOWS (0f5627363decf8119271aa0d188f6d63)] -> xpath: //input[@value='1']]
2023-05-15 21:05:12 INFO  CartPage :84 - Click on update cart[[ChromeDriver: chrome on WINDOWS (0f5627363decf8119271aa0d188f6d63)] -> id: updatecart]
2023-05-15 21:05:494 INFO  CartPage :89 - Get total[[ChromeDriver: chrome on WINDOWS (0f5627363decf8119271aa0d188f6d63)] -> xpath: //tbody/tr[1]/td[6]/span[1]]
2023-05-15 21:05:531 INFO  CartPage :94 - Click on check box[[ChromeDriver: chrome on WINDOWS (0f5627363decf8119271aa0d188f6d63)] -> xpath: //input[@id='termsofservice']]
2023-05-15 21:05:598 INFO  CartPage :99 - Click on checkout button[[ChromeDriver: chrome on WINDOWS (0f5627363decf8119271aa0d188f6d63)] -> xpath: //button[@id='checkout']]
2023-05-15 21:05:193 INFO  CartPage :104 - Get welcome text[[ChromeDriver: chrome on WINDOWS (0f5627363decf8119271aa0d188f6d63)] -> xpath: //h1[text()='Welcome, Please Sign In!']]
2023-05-15 21:05:227 INFO  CartPage :109 - Click on checkout as guest[[ChromeDriver: chrome on WINDOWS (0f5627363decf8119271aa0d188f6d63)] -> xpath: //button[@class='button-1 checkout-as-guest-button']]
2023-05-15 21:05:911 INFO  CheckoutPage :83 - Enter first name[[ChromeDriver: chrome on WINDOWS (0f5627363decf8119271aa0d188f6d63)] -> id: BillingNewAddress_FirstName]
2023-05-15 21:05:31 INFO  CheckoutPage :85 - Enter last name[[ChromeDriver: chrome on WINDOWS (0f5627363decf8119271aa0d188f6d63)] -> id: BillingNewAddress_LastName]
2023-05-15 21:05:125 INFO  CheckoutPage :87 - Enter email id[[ChromeDriver: chrome on WINDOWS (0f5627363decf8119271aa0d188f6d63)] -> id: BillingNewAddress_Email]
2023-05-15 21:05:251 INFO  CheckoutPage :89 - Select country[[ChromeDriver: chrome on WINDOWS (0f5627363decf8119271aa0d188f6d63)] -> id: BillingNewAddress_CountryId]
2023-05-15 21:05:381 INFO  CheckoutPage :91 - Select city[[ChromeDriver: chrome on WINDOWS (0f5627363decf8119271aa0d188f6d63)] -> id: BillingNewAddress_City]
2023-05-15 21:05:500 INFO  CheckoutPage :93 - Enter address[[ChromeDriver: chrome on WINDOWS (0f5627363decf8119271aa0d188f6d63)] -> id: BillingNewAddress_Address1]
2023-05-15 21:05:630 INFO  CheckoutPage :95 - Enter postcode[[ChromeDriver: chrome on WINDOWS (0f5627363decf8119271aa0d188f6d63)] -> id: BillingNewAddress_ZipPostalCode]
2023-05-15 21:05:722 INFO  CheckoutPage :97 - Enter phone number[[ChromeDriver: chrome on WINDOWS (0f5627363decf8119271aa0d188f6d63)] -> id: BillingNewAddress_PhoneNumber]
2023-05-15 21:05:837 INFO  CheckoutPage :99 - Click on continue button[[ChromeDriver: chrome on WINDOWS (0f5627363decf8119271aa0d188f6d63)] -> name: save]
2023-05-15 21:05:183 INFO  CheckoutPage :104 - Click on next day button[[ChromeDriver: chrome on WINDOWS (0f5627363decf8119271aa0d188f6d63)] -> id: shippingoption_1]
2023-05-15 21:05:308 INFO  CheckoutPage :109 - Click on continue[[ChromeDriver: chrome on WINDOWS (0f5627363decf8119271aa0d188f6d63)] -> xpath: //button[@onclick='ShippingMethod.save()']]
2023-05-15 21:05:613 INFO  PaymentPage :44 - CLick on credit card radio button[[ChromeDriver: chrome on WINDOWS (0f5627363decf8119271aa0d188f6d63)] -> id: paymentmethod_1]
2023-05-15 21:05:729 INFO  PaymentPage :49 - Click on continue[[ChromeDriver: chrome on WINDOWS (0f5627363decf8119271aa0d188f6d63)] -> xpath: //li[4]/div[2]/div[1]/button[1]]
2023-05-15 21:05:13 INFO  PaymentPage :54 - Select master card[[ChromeDriver: chrome on WINDOWS (0f5627363decf8119271aa0d188f6d63)] -> id: CreditCardType]
2023-05-15 21:05:195 INFO  PaymentPage :59 - Enter card holder name[[ChromeDriver: chrome on WINDOWS (0f5627363decf8119271aa0d188f6d63)] -> id: CardholderName]
2023-05-15 21:05:329 INFO  PaymentPage :61 - Enter card number[[ChromeDriver: chrome on WINDOWS (0f5627363decf8119271aa0d188f6d63)] -> id: CardNumber]
2023-05-15 21:05:443 INFO  PaymentPage :63 - Select expire month[[ChromeDriver: chrome on WINDOWS (0f5627363decf8119271aa0d188f6d63)] -> id: ExpireMonth]
2023-05-15 21:05:559 INFO  PaymentPage :65 - Select expire year[[ChromeDriver: chrome on WINDOWS (0f5627363decf8119271aa0d188f6d63)] -> id: ExpireYear]
2023-05-15 21:05:661 INFO  PaymentPage :67 - Enter card code[[ChromeDriver: chrome on WINDOWS (0f5627363decf8119271aa0d188f6d63)] -> id: CardCode]
2023-05-15 21:05:739 INFO  PaymentPage :69 - Click on continue button[[ChromeDriver: chrome on WINDOWS (0f5627363decf8119271aa0d188f6d63)] -> xpath: //li[5]/div[2]/div[1]/button[1]]
2023-05-15 21:05:33 INFO  ConfirmOrderPage :57 - Get credit card text[[ChromeDriver: chrome on WINDOWS (0f5627363decf8119271aa0d188f6d63)] -> xpath: //span[contains(text(),'Credit Card')]]
2023-05-15 21:05:95 INFO  ConfirmOrderPage :62 - Get next day air text[[ChromeDriver: chrome on WINDOWS (0f5627363decf8119271aa0d188f6d63)] -> xpath: //body/div[6]/div[3]/div[1]/div[1]/div[1]/div[2]/ol[1]/li[6]/div[2]/div[1]/div[1]/div[1]/div[1]/div[1]/div[2]/div[2]/ul[1]/li[1]/span[2]]
2023-05-15 21:05:150 INFO  ConfirmOrderPage :67 - Click on confirm button[[ChromeDriver: chrome on WINDOWS (0f5627363decf8119271aa0d188f6d63)] -> xpath: //button[contains(text(),'Confirm')]]
2023-05-15 21:05:918 INFO  ConfirmOrderPage :72 - Get thank you text[[ChromeDriver: chrome on WINDOWS (0f5627363decf8119271aa0d188f6d63)] -> xpath: //h1[contains(text(),'Thank you')]]
2023-05-15 21:05:949 INFO  ConfirmOrderPage :77 - Get success message[[ChromeDriver: chrome on WINDOWS (0f5627363decf8119271aa0d188f6d63)] -> xpath: //strong[contains(text(),'Your order has been successfully processed!')]]
2023-05-15 21:05:994 INFO  ConfirmOrderPage :82 - Click on continue button[[ChromeDriver: chrome on WINDOWS (0f5627363decf8119271aa0d188f6d63)] -> xpath: //button[contains(text(),'Continue')]]
2023-05-15 21:05:430 INFO  HomePage :40 - Get welcome to store text[[ChromeDriver: chrome on WINDOWS (0f5627363decf8119271aa0d188f6d63)] -> xpath: //h2[contains(text(),'Welcome to our store')]]
2023-05-16 14:05:688 INFO  HomePage :35 - Click on computer menu[[ChromeDriver: chrome on WINDOWS (7836a742a6d400d57c1a5c380bbd26cb)] -> xpath: //ul[1]/li/a[text()='Computers ']]
2023-05-16 14:05:508 INFO  ComputersPage :18 - Click on desktops[[ChromeDriver: chrome on WINDOWS (7836a742a6d400d57c1a5c380bbd26cb)] -> xpath: //img[@alt='Picture for category Desktops']]
2023-05-16 14:05:853 INFO  DesktopsPage :32 - Select sort A to Z[[ChromeDriver: chrome on WINDOWS (7836a742a6d400d57c1a5c380bbd26cb)] -> name: products-orderby]
2023-05-16 14:05:534 INFO  HomePage :35 - Click on computer menu[[ChromeDriver: chrome on WINDOWS (f2317cc338f1c377b8e28ed003f873f8)] -> xpath: //ul[1]/li/a[text()='Computers ']]
2023-05-16 14:05:942 INFO  ComputersPage :18 - Click on desktops[[ChromeDriver: chrome on WINDOWS (f2317cc338f1c377b8e28ed003f873f8)] -> xpath: //img[@alt='Picture for category Desktops']]
2023-05-16 14:05:275 INFO  DesktopsPage :32 - Select sort A to Z[[ChromeDriver: chrome on WINDOWS (f2317cc338f1c377b8e28ed003f873f8)] -> name: products-orderby]
2023-05-16 14:05:378 INFO  DesktopsPage :37 - CLick on add to cart button[[ChromeDriver: chrome on WINDOWS (f2317cc338f1c377b8e28ed003f873f8)] -> xpath: //body/div[6]/div[3]/div[1]/div[3]/div[1]/div[2]/div[2]/div[2]/div[1]/div[1]/div[1]/div[1]/div[2]/div[3]/div[2]/button[1]]
2023-05-16 14:05:241 INFO  BuildYourOwnComputerPage :60 - Get build your own computer text[[ChromeDriver: chrome on WINDOWS (f2317cc338f1c377b8e28ed003f873f8)] -> xpath: //h1[text()='Build your own computer']]
2023-05-16 14:05:300 INFO  BuildYourOwnComputerPage :65 - Select processor[[ChromeDriver: chrome on WINDOWS (f2317cc338f1c377b8e28ed003f873f8)] -> name: product_attribute_1]
2023-05-16 14:05:427 INFO  BuildYourOwnComputerPage :70 - Select ram[[ChromeDriver: chrome on WINDOWS (f2317cc338f1c377b8e28ed003f873f8)] -> name: product_attribute_2]
2023-05-16 14:05:519 INFO  BuildYourOwnComputerPage :75 - Select hdd[[ChromeDriver: chrome on WINDOWS (f2317cc338f1c377b8e28ed003f873f8)] -> id: product_attribute_3_7]
2023-05-16 14:05:573 INFO  BuildYourOwnComputerPage :80 - Select vista premium Os[[ChromeDriver: chrome on WINDOWS (f2317cc338f1c377b8e28ed003f873f8)] -> id: product_attribute_4_9]
2023-05-16 14:05:618 INFO  BuildYourOwnComputerPage :85 - Click on total command[[ChromeDriver: chrome on WINDOWS (f2317cc338f1c377b8e28ed003f873f8)] -> id: product_attribute_5_12]
2023-05-16 14:05:673 INFO  BuildYourOwnComputerPage :90 - Get price[[ChromeDriver: chrome on WINDOWS (f2317cc338f1c377b8e28ed003f873f8)] -> id: price-value-1]
2023-05-16 14:05:721 INFO  BuildYourOwnComputerPage :95 - Click on add to cart[[ChromeDriver: chrome on WINDOWS (f2317cc338f1c377b8e28ed003f873f8)] -> id: add-to-cart-button-1]
2023-05-16 14:05:986 INFO  BuildYourOwnComputerPage :100 - Get product added text[[ChromeDriver: chrome on WINDOWS (f2317cc338f1c377b8e28ed003f873f8)] -> xpath: //body/div[@id='bar-notification']/div[1]/p[1]]
2023-05-16 14:05:40 INFO  BuildYourOwnComputerPage :105 - Click on close button[[ChromeDriver: chrome on WINDOWS (f2317cc338f1c377b8e28ed003f873f8)] -> xpath: //span[@class='close']]
2023-05-16 14:05:92 INFO  BuildYourOwnComputerPage :110 - Mouse hover on shopping cart[[ChromeDriver: chrome on WINDOWS (f2317cc338f1c377b8e28ed003f873f8)] -> xpath: //span[@class='cart-label']]
2023-05-16 14:05:262 INFO  BuildYourOwnComputerPage :115 - Click on go to cart button[[ChromeDriver: chrome on WINDOWS (f2317cc338f1c377b8e28ed003f873f8)] -> xpath: //button[contains(text(),'Go to cart')]]
2023-05-16 14:05:659 INFO  CartPage :73 - Get shopping cart text[[ChromeDriver: chrome on WINDOWS (f2317cc338f1c377b8e28ed003f873f8)] -> xpath: //h1[text()='Shopping cart']]
2023-05-16 14:05:698 INFO  CartPage :78 - Change quantity[[ChromeDriver: chrome on WINDOWS (f2317cc338f1c377b8e28ed003f873f8)] -> xpath: //input[@value='1']]
2023-05-16 14:05:799 INFO  CartPage :84 - Click on update cart[[ChromeDriver: chrome on WINDOWS (f2317cc338f1c377b8e28ed003f873f8)] -> id: updatecart]
2023-05-16 14:05:208 INFO  CartPage :89 - Get total[[ChromeDriver: chrome on WINDOWS (f2317cc338f1c377b8e28ed003f873f8)] -> xpath: //tbody/tr[1]/td[6]/span[1]]
2023-05-16 14:05:253 INFO  CartPage :94 - Click on check box[[ChromeDriver: chrome on WINDOWS (f2317cc338f1c377b8e28ed003f873f8)] -> xpath: //input[@id='termsofservice']]
2023-05-16 14:05:297 INFO  CartPage :99 - Click on checkout button[[ChromeDriver: chrome on WINDOWS (f2317cc338f1c377b8e28ed003f873f8)] -> xpath: //button[@id='checkout']]
2023-05-16 14:05:801 INFO  CartPage :104 - Get welcome text[[ChromeDriver: chrome on WINDOWS (f2317cc338f1c377b8e28ed003f873f8)] -> xpath: //h1[text()='Welcome, Please Sign In!']]
2023-05-16 14:05:828 INFO  CartPage :109 - Click on checkout as guest[[ChromeDriver: chrome on WINDOWS (f2317cc338f1c377b8e28ed003f873f8)] -> xpath: //button[@class='button-1 checkout-as-guest-button']]
2023-05-16 14:05:439 INFO  CheckoutPage :83 - Enter first name[[ChromeDriver: chrome on WINDOWS (f2317cc338f1c377b8e28ed003f873f8)] -> id: BillingNewAddress_FirstName]
2023-05-16 14:05:493 INFO  CheckoutPage :85 - Enter last name[[ChromeDriver: chrome on WINDOWS (f2317cc338f1c377b8e28ed003f873f8)] -> id: BillingNewAddress_LastName]
2023-05-16 14:05:563 INFO  CheckoutPage :87 - Enter email id[[ChromeDriver: chrome on WINDOWS (f2317cc338f1c377b8e28ed003f873f8)] -> id: BillingNewAddress_Email]
2023-05-16 14:05:637 INFO  CheckoutPage :89 - Select country[[ChromeDriver: chrome on WINDOWS (f2317cc338f1c377b8e28ed003f873f8)] -> id: BillingNewAddress_CountryId]
2023-05-16 14:05:693 INFO  CheckoutPage :91 - Select city[[ChromeDriver: chrome on WINDOWS (f2317cc338f1c377b8e28ed003f873f8)] -> id: BillingNewAddress_City]
2023-05-16 14:05:744 INFO  CheckoutPage :93 - Enter address[[ChromeDriver: chrome on WINDOWS (f2317cc338f1c377b8e28ed003f873f8)] -> id: BillingNewAddress_Address1]
2023-05-16 14:05:793 INFO  CheckoutPage :95 - Enter postcode[[ChromeDriver: chrome on WINDOWS (f2317cc338f1c377b8e28ed003f873f8)] -> id: BillingNewAddress_ZipPostalCode]
2023-05-16 14:05:842 INFO  CheckoutPage :97 - Enter phone number[[ChromeDriver: chrome on WINDOWS (f2317cc338f1c377b8e28ed003f873f8)] -> id: BillingNewAddress_PhoneNumber]
2023-05-16 14:05:909 INFO  CheckoutPage :99 - Click on continue button[[ChromeDriver: chrome on WINDOWS (f2317cc338f1c377b8e28ed003f873f8)] -> name: save]
2023-05-16 14:05:218 INFO  CheckoutPage :104 - Click on next day button[[ChromeDriver: chrome on WINDOWS (f2317cc338f1c377b8e28ed003f873f8)] -> id: shippingoption_1]
2023-05-16 14:05:272 INFO  CheckoutPage :109 - Click on continue[[ChromeDriver: chrome on WINDOWS (f2317cc338f1c377b8e28ed003f873f8)] -> xpath: //button[@onclick='ShippingMethod.save()']]
2023-05-16 14:05:511 INFO  PaymentPage :44 - CLick on credit card radio button[[ChromeDriver: chrome on WINDOWS (f2317cc338f1c377b8e28ed003f873f8)] -> id: paymentmethod_1]
2023-05-16 14:05:582 INFO  PaymentPage :49 - Click on continue[[ChromeDriver: chrome on WINDOWS (f2317cc338f1c377b8e28ed003f873f8)] -> xpath: //li[4]/div[2]/div[1]/button[1]]
2023-05-16 14:05:828 INFO  PaymentPage :54 - Select master card[[ChromeDriver: chrome on WINDOWS (f2317cc338f1c377b8e28ed003f873f8)] -> id: CreditCardType]
2023-05-16 14:05:909 INFO  PaymentPage :59 - Enter card holder name[[ChromeDriver: chrome on WINDOWS (f2317cc338f1c377b8e28ed003f873f8)] -> id: CardholderName]
2023-05-16 14:05:956 INFO  PaymentPage :61 - Enter card number[[ChromeDriver: chrome on WINDOWS (f2317cc338f1c377b8e28ed003f873f8)] -> id: CardNumber]
2023-05-16 14:05:22 INFO  PaymentPage :63 - Select expire month[[ChromeDriver: chrome on WINDOWS (f2317cc338f1c377b8e28ed003f873f8)] -> id: ExpireMonth]
2023-05-16 14:05:76 INFO  PaymentPage :65 - Select expire year[[ChromeDriver: chrome on WINDOWS (f2317cc338f1c377b8e28ed003f873f8)] -> id: ExpireYear]
2023-05-16 14:05:129 INFO  PaymentPage :67 - Enter card code[[ChromeDriver: chrome on WINDOWS (f2317cc338f1c377b8e28ed003f873f8)] -> id: CardCode]
2023-05-16 14:05:170 INFO  PaymentPage :69 - Click on continue button[[ChromeDriver: chrome on WINDOWS (f2317cc338f1c377b8e28ed003f873f8)] -> xpath: //li[5]/div[2]/div[1]/button[1]]
2023-05-16 14:05:431 INFO  ConfirmOrderPage :57 - Get credit card text[[ChromeDriver: chrome on WINDOWS (f2317cc338f1c377b8e28ed003f873f8)] -> xpath: //span[contains(text(),'Credit Card')]]
2023-05-16 14:05:464 INFO  ConfirmOrderPage :62 - Get next day air text[[ChromeDriver: chrome on WINDOWS (f2317cc338f1c377b8e28ed003f873f8)] -> xpath: //body/div[6]/div[3]/div[1]/div[1]/div[1]/div[2]/ol[1]/li[6]/div[2]/div[1]/div[1]/div[1]/div[1]/div[1]/div[2]/div[2]/ul[1]/li[1]/span[2]]
2023-05-16 14:05:504 INFO  ConfirmOrderPage :67 - Click on confirm button[[ChromeDriver: chrome on WINDOWS (f2317cc338f1c377b8e28ed003f873f8)] -> xpath: //button[contains(text(),'Confirm')]]
2023-05-16 14:05:714 INFO  ConfirmOrderPage :72 - Get thank you text[[ChromeDriver: chrome on WINDOWS (f2317cc338f1c377b8e28ed003f873f8)] -> xpath: //h1[contains(text(),'Thank you')]]
2023-05-16 14:05:740 INFO  ConfirmOrderPage :77 - Get success message[[ChromeDriver: chrome on WINDOWS (f2317cc338f1c377b8e28ed003f873f8)] -> xpath: //strong[contains(text(),'Your order has been successfully processed!')]]
2023-05-16 14:05:764 INFO  ConfirmOrderPage :82 - Click on continue button[[ChromeDriver: chrome on WINDOWS (f2317cc338f1c377b8e28ed003f873f8)] -> xpath: //button[contains(text(),'Continue')]]
2023-05-16 14:05:84 INFO  HomePage :40 - Get welcome to store text[[ChromeDriver: chrome on WINDOWS (f2317cc338f1c377b8e28ed003f873f8)] -> xpath: //h2[contains(text(),'Welcome to our store')]]
2023-05-16 14:05:729 INFO  HomePage :45 - Hover on electronic[[ChromeDriver: chrome on WINDOWS (b7f922422a1b4b62f3a0ff6d318a1c4b)] -> xpath: //a[text()='Electronics ']]
2023-05-16 14:05:902 INFO  HomePage :50 - Click on cell phones[[ChromeDriver: chrome on WINDOWS (b7f922422a1b4b62f3a0ff6d318a1c4b)] -> xpath: //ul[1]/li[2]/ul[1]/li[2]/a[1]]
2023-05-16 14:05:355 INFO  CellPhonesPage :50 - Get cell phone text[[ChromeDriver: chrome on WINDOWS (b7f922422a1b4b62f3a0ff6d318a1c4b)] -> xpath: //h1[text()='Cell phones']]
2023-05-16 14:05:941 INFO  HomePage :45 - Hover on electronic[[ChromeDriver: chrome on WINDOWS (566f0b699c1c9ac36b1b6fd26dbecd58)] -> xpath: //a[text()='Electronics ']]
2023-05-16 14:05:83 INFO  HomePage :50 - Click on cell phones[[ChromeDriver: chrome on WINDOWS (566f0b699c1c9ac36b1b6fd26dbecd58)] -> xpath: //ul[1]/li[2]/ul[1]/li[2]/a[1]]
2023-05-16 14:05:481 INFO  CellPhonesPage :50 - Get cell phone text[[ChromeDriver: chrome on WINDOWS (566f0b699c1c9ac36b1b6fd26dbecd58)] -> xpath: //h1[text()='Cell phones']]
2023-05-16 14:05:507 INFO  CellPhonesPage :55 - Click on list view tab[[ChromeDriver: chrome on WINDOWS (566f0b699c1c9ac36b1b6fd26dbecd58)] -> xpath: //a[contains(text(),'List')]]
2023-05-16 14:05:563 INFO  CellPhonesPage :60 - Click on nokia lumia product[[ChromeDriver: chrome on WINDOWS (566f0b699c1c9ac36b1b6fd26dbecd58)] -> xpath: //div[3]/div[1]/div[2]/h2[1]/a]
2023-05-16 14:05:553 INFO  CellPhonesPage :65 - Verify nokia lumia text[[ChromeDriver: chrome on WINDOWS (566f0b699c1c9ac36b1b6fd26dbecd58)] -> xpath: //h1[text()='Nokia Lumia 1020']]
2023-05-16 14:05:574 INFO  CellPhonesPage :70 - Verify price[[ChromeDriver: chrome on WINDOWS (566f0b699c1c9ac36b1b6fd26dbecd58)] -> id: price-value-20]
2023-05-16 14:05:590 INFO  CellPhonesPage :75 - Change quantity[[ChromeDriver: chrome on WINDOWS (566f0b699c1c9ac36b1b6fd26dbecd58)] -> name: addtocart_20.EnteredQuantity]
2023-05-16 14:05:671 INFO  CellPhonesPage :81 - Click on add to cart[[ChromeDriver: chrome on WINDOWS (566f0b699c1c9ac36b1b6fd26dbecd58)] -> id: add-to-cart-button-20]
2023-05-16 14:05:940 INFO  CellPhonesPage :86 - Verify product added in shopping cart text[[ChromeDriver: chrome on WINDOWS (566f0b699c1c9ac36b1b6fd26dbecd58)] -> xpath: //body/div[@id='bar-notification']/div[1]/p[1]]
2023-05-16 14:05:966 INFO  CellPhonesPage :91 - Click on close button[[ChromeDriver: chrome on WINDOWS (566f0b699c1c9ac36b1b6fd26dbecd58)] -> xpath: //span[@title='Close']]
2023-05-16 14:05:04 INFO  CellPhonesPage :96 - Mouse hover on shopping cart[[ChromeDriver: chrome on WINDOWS (566f0b699c1c9ac36b1b6fd26dbecd58)] -> xpath: //span[text()='Shopping cart']]
2023-05-16 14:05:16 INFO  CellPhonesPage :97 - Click on go to cart[[ChromeDriver: chrome on WINDOWS (566f0b699c1c9ac36b1b6fd26dbecd58)] -> xpath: //button[text()='Go to cart']]
2023-05-16 14:05:555 INFO  CartPage :114 - Verify shopping cart text[[ChromeDriver: chrome on WINDOWS (566f0b699c1c9ac36b1b6fd26dbecd58)] -> xpath: //h1[text()='Shopping cart']]
2023-05-16 14:05:574 INFO  CartPage :119 - Verify quantity[[ChromeDriver: chrome on WINDOWS (566f0b699c1c9ac36b1b6fd26dbecd58)] -> xpath: //span[contains(text(),'(2)')]]
2023-05-16 14:05:591 INFO  CartPage :124 - Verify total[[ChromeDriver: chrome on WINDOWS (566f0b699c1c9ac36b1b6fd26dbecd58)] -> xpath: //tbody/tr[1]/td[6]/span[1]]
2023-05-16 14:05:607 INFO  CartPage :94 - Click on check box[[ChromeDriver: chrome on WINDOWS (566f0b699c1c9ac36b1b6fd26dbecd58)] -> xpath: //input[@id='termsofservice']]
2023-05-16 14:05:641 INFO  CartPage :99 - Click on checkout button[[ChromeDriver: chrome on WINDOWS (566f0b699c1c9ac36b1b6fd26dbecd58)] -> xpath: //button[@id='checkout']]
2023-05-16 14:05:174 INFO  CartPage :139 - Verify welcome message[[ChromeDriver: chrome on WINDOWS (566f0b699c1c9ac36b1b6fd26dbecd58)] -> xpath: //h1[text()='Welcome, Please Sign In!']]
2023-05-16 14:05:191 INFO  CartPage :144 - Click on register tab[[ChromeDriver: chrome on WINDOWS (566f0b699c1c9ac36b1b6fd26dbecd58)] -> xpath: //button[text()='Register']]
2023-05-16 14:05:504 INFO  RegisterPage :57 - Verify register text[[ChromeDriver: chrome on WINDOWS (566f0b699c1c9ac36b1b6fd26dbecd58)] -> xpath: //h1[text()='Register']]
2023-05-16 14:05:524 INFO  RegisterPage :62 - Click on gender[[ChromeDriver: chrome on WINDOWS (566f0b699c1c9ac36b1b6fd26dbecd58)] -> xpath: //input[@value='F']]
2023-05-16 14:05:558 INFO  RegisterPage :64 - Enter first name[[ChromeDriver: chrome on WINDOWS (566f0b699c1c9ac36b1b6fd26dbecd58)] -> id: FirstName]
2023-05-16 14:05:606 INFO  RegisterPage :66 - Enter last name[[ChromeDriver: chrome on WINDOWS (566f0b699c1c9ac36b1b6fd26dbecd58)] -> id: LastName]
2023-05-16 14:05:659 INFO  RegisterPage :68 - Select day[[ChromeDriver: chrome on WINDOWS (566f0b699c1c9ac36b1b6fd26dbecd58)] -> name: DateOfBirthDay]
2023-05-16 14:05:710 INFO  RegisterPage :70 - Select month[[ChromeDriver: chrome on WINDOWS (566f0b699c1c9ac36b1b6fd26dbecd58)] -> name: DateOfBirthMonth]
2023-05-16 14:05:769 INFO  RegisterPage :72 - Select year[[ChromeDriver: chrome on WINDOWS (566f0b699c1c9ac36b1b6fd26dbecd58)] -> name: DateOfBirthYear]
2023-05-16 14:05:810 INFO  RegisterPage :74 - Enter email[[ChromeDriver: chrome on WINDOWS (566f0b699c1c9ac36b1b6fd26dbecd58)] -> id: Email]
2023-05-16 14:05:877 INFO  RegisterPage :76 - Enter password[[ChromeDriver: chrome on WINDOWS (566f0b699c1c9ac36b1b6fd26dbecd58)] -> id: Password]
2023-05-16 14:05:920 INFO  RegisterPage :78 - Enter confirm password[[ChromeDriver: chrome on WINDOWS (566f0b699c1c9ac36b1b6fd26dbecd58)] -> id: ConfirmPassword]
2023-05-16 14:05:956 INFO  RegisterPage :83 - Click on registration button[[ChromeDriver: chrome on WINDOWS (566f0b699c1c9ac36b1b6fd26dbecd58)] -> id: register-button]
2023-05-16 14:05:552 INFO  RegisterPage :88 - Verify registration text[[ChromeDriver: chrome on WINDOWS (566f0b699c1c9ac36b1b6fd26dbecd58)] -> xpath: //div[text()='Your registration completed']]
2023-05-16 14:05:570 INFO  RegisterPage :92 - Click on continue tab[[ChromeDriver: chrome on WINDOWS (566f0b699c1c9ac36b1b6fd26dbecd58)] -> xpath: //a[text()='Continue']]
2023-05-16 14:05:537 INFO  TopMenuPage :42 - Verify Computer text[[ChromeDriver: chrome on WINDOWS (95de96711a2e3ac67b60322b0642f8ff)] -> xpath: //a[@href='/computers']]
2023-05-16 14:05:200 INFO  TopMenuPage :47 - Verify electronics text[[ChromeDriver: chrome on WINDOWS (ff0c6c5a43a03ad77c5d0ce6fd9792c5)] -> xpath: //a[@href='/electronics']]
2023-05-16 14:05:813 INFO  TopMenuPage :52 - Verify apparel text[[ChromeDriver: chrome on WINDOWS (0700ca1a86a9eb2dd45f868e2faa606c)] -> xpath: //a[@href='/apparel']]
